{"C:\\xampp\\htdocs\\sendIT-rest-api\\build\\models\\parcel.js":{"path":"C:\\xampp\\htdocs\\sendIT-rest-api\\build\\models\\parcel.js","s":{"1":1,"2":1,"3":1,"4":1,"5":7,"6":7,"7":7,"8":7,"9":7,"10":7,"11":1,"12":1,"13":1,"14":1,"15":0,"16":1,"17":1,"18":1,"19":1,"20":1,"21":1,"22":2,"23":1,"24":5,"25":0,"26":1,"27":1,"28":1,"29":1,"30":5,"31":5,"32":5,"33":1,"34":1,"35":1,"36":1,"37":1,"38":1,"39":1,"40":1,"41":1,"42":0,"43":0,"44":0,"45":0,"46":3,"47":3,"48":3,"49":3,"50":18,"51":3,"52":2,"53":1,"54":2,"55":2,"56":12,"57":2,"58":1,"59":1,"60":3,"61":3,"62":3,"63":2,"64":2,"65":1,"66":1},"b":{"1":[7,7],"2":[7,0],"3":[1,0],"4":[0,1],"5":[1,1],"6":[2,2],"7":[0,5],"8":[1,0],"9":[1,0,0,0,0,0],"10":[2,1],"11":[1,1]},"f":{"1":1,"2":1,"3":1,"4":2,"5":5,"6":1,"7":5,"8":1,"9":3,"10":3,"11":18,"12":2,"13":12,"14":3,"15":2,"16":2},"fnMap":{"1":{"name":"(anonymous_1)","line":7,"loc":{"start":{"line":7,"column":19},"end":{"line":7,"column":31}}},"2":{"name":"defineProperties","line":7,"loc":{"start":{"line":7,"column":33},"end":{"line":7,"column":74}}},"3":{"name":"(anonymous_3)","line":7,"loc":{"start":{"line":7,"column":357},"end":{"line":7,"column":405}}},"4":{"name":"_interopRequireDefault","line":17,"loc":{"start":{"line":17,"column":0},"end":{"line":17,"column":37}}},"5":{"name":"_classCallCheck","line":19,"loc":{"start":{"line":19,"column":0},"end":{"line":19,"column":48}}},"6":{"name":"(anonymous_6)","line":29,"loc":{"start":{"line":29,"column":13},"end":{"line":29,"column":25}}},"7":{"name":"Parcel","line":30,"loc":{"start":{"line":30,"column":2},"end":{"line":30,"column":20}}},"8":{"name":"createParcel","line":51,"loc":{"start":{"line":51,"column":11},"end":{"line":51,"column":105}}},"9":{"name":"getAllParcel","line":92,"loc":{"start":{"line":92,"column":11},"end":{"line":92,"column":35}}},"10":{"name":"getAllParcelByUser","line":106,"loc":{"start":{"line":106,"column":11},"end":{"line":106,"column":43}}},"11":{"name":"(anonymous_11)","line":109,"loc":{"start":{"line":109,"column":37},"end":{"line":109,"column":51}}},"12":{"name":"getParcelById","line":128,"loc":{"start":{"line":128,"column":11},"end":{"line":128,"column":43}}},"13":{"name":"(anonymous_13)","line":131,"loc":{"start":{"line":131,"column":37},"end":{"line":131,"column":51}}},"14":{"name":"getParcelPrice","line":149,"loc":{"start":{"line":149,"column":11},"end":{"line":149,"column":43}}},"15":{"name":"setOrderId","line":161,"loc":{"start":{"line":161,"column":11},"end":{"line":161,"column":33}}},"16":{"name":"getOrderId","line":172,"loc":{"start":{"line":172,"column":11},"end":{"line":172,"column":33}}}},"statementMap":{"1":{"start":{"line":3,"column":0},"end":{"line":5,"column":3}},"2":{"start":{"line":7,"column":0},"end":{"line":7,"column":564}},"3":{"start":{"line":7,"column":33},"end":{"line":7,"column":349}},"4":{"start":{"line":7,"column":76},"end":{"line":7,"column":347}},"5":{"start":{"line":7,"column":117},"end":{"line":7,"column":143}},"6":{"start":{"line":7,"column":144},"end":{"line":7,"column":199}},"7":{"start":{"line":7,"column":200},"end":{"line":7,"column":231}},"8":{"start":{"line":7,"column":232},"end":{"line":7,"column":286}},"9":{"start":{"line":7,"column":259},"end":{"line":7,"column":286}},"10":{"start":{"line":7,"column":287},"end":{"line":7,"column":345}},"11":{"start":{"line":7,"column":350},"end":{"line":7,"column":559}},"12":{"start":{"line":7,"column":407},"end":{"line":7,"column":475}},"13":{"start":{"line":7,"column":423},"end":{"line":7,"column":475}},"14":{"start":{"line":7,"column":476},"end":{"line":7,"column":536}},"15":{"start":{"line":7,"column":493},"end":{"line":7,"column":536}},"16":{"start":{"line":7,"column":537},"end":{"line":7,"column":556}},"17":{"start":{"line":9,"column":0},"end":{"line":9,"column":28}},"18":{"start":{"line":11,"column":0},"end":{"line":11,"column":43}},"19":{"start":{"line":13,"column":0},"end":{"line":13,"column":28}},"20":{"start":{"line":15,"column":0},"end":{"line":15,"column":41}},"21":{"start":{"line":17,"column":0},"end":{"line":17,"column":95}},"22":{"start":{"line":17,"column":39},"end":{"line":17,"column":93}},"23":{"start":{"line":19,"column":0},"end":{"line":19,"column":153}},"24":{"start":{"line":19,"column":50},"end":{"line":19,"column":151}},"25":{"start":{"line":19,"column":92},"end":{"line":19,"column":149}},"26":{"start":{"line":21,"column":0},"end":{"line":21,"column":83}},"27":{"start":{"line":23,"column":0},"end":{"line":27,"column":2}},"28":{"start":{"line":29,"column":0},"end":{"line":178,"column":4}},"29":{"start":{"line":30,"column":2},"end":{"line":35,"column":3}},"30":{"start":{"line":31,"column":4},"end":{"line":31,"column":34}},"31":{"start":{"line":33,"column":4},"end":{"line":33,"column":34}},"32":{"start":{"line":34,"column":4},"end":{"line":34,"column":19}},"33":{"start":{"line":49,"column":2},"end":{"line":175,"column":6}},"34":{"start":{"line":52,"column":6},"end":{"line":52,"column":24}},"35":{"start":{"line":54,"column":6},"end":{"line":54,"column":31}},"36":{"start":{"line":55,"column":6},"end":{"line":55,"column":46}},"37":{"start":{"line":56,"column":6},"end":{"line":56,"column":41}},"38":{"start":{"line":57,"column":6},"end":{"line":57,"column":38}},"39":{"start":{"line":59,"column":6},"end":{"line":72,"column":8}},"40":{"start":{"line":74,"column":6},"end":{"line":76,"column":7}},"41":{"start":{"line":75,"column":8},"end":{"line":75,"column":21}},"42":{"start":{"line":77,"column":6},"end":{"line":77,"column":61}},"43":{"start":{"line":80,"column":6},"end":{"line":80,"column":34}},"44":{"start":{"line":81,"column":6},"end":{"line":81,"column":57}},"45":{"start":{"line":82,"column":6},"end":{"line":82,"column":24}},"46":{"start":{"line":93,"column":6},"end":{"line":93,"column":61}},"47":{"start":{"line":94,"column":6},"end":{"line":94,"column":24}},"48":{"start":{"line":107,"column":6},"end":{"line":107,"column":61}},"49":{"start":{"line":109,"column":6},"end":{"line":111,"column":9}},"50":{"start":{"line":110,"column":8},"end":{"line":110,"column":35}},"51":{"start":{"line":113,"column":6},"end":{"line":115,"column":7}},"52":{"start":{"line":114,"column":8},"end":{"line":114,"column":20}},"53":{"start":{"line":116,"column":6},"end":{"line":116,"column":20}},"54":{"start":{"line":129,"column":6},"end":{"line":129,"column":61}},"55":{"start":{"line":131,"column":6},"end":{"line":133,"column":9}},"56":{"start":{"line":132,"column":8},"end":{"line":132,"column":38}},"57":{"start":{"line":135,"column":6},"end":{"line":137,"column":7}},"58":{"start":{"line":136,"column":8},"end":{"line":136,"column":20}},"59":{"start":{"line":138,"column":6},"end":{"line":138,"column":20}},"60":{"start":{"line":150,"column":6},"end":{"line":150,"column":26}},"61":{"start":{"line":151,"column":6},"end":{"line":151,"column":38}},"62":{"start":{"line":152,"column":6},"end":{"line":152,"column":45}},"63":{"start":{"line":162,"column":6},"end":{"line":162,"column":56}},"64":{"start":{"line":173,"column":6},"end":{"line":173,"column":26}},"65":{"start":{"line":177,"column":2},"end":{"line":177,"column":16}},"66":{"start":{"line":180,"column":0},"end":{"line":180,"column":25}}},"branchMap":{"1":{"line":7,"type":"binary-expr","locations":[{"start":{"line":7,"column":168},"end":{"line":7,"column":189}},{"start":{"line":7,"column":193},"end":{"line":7,"column":198}}]},"2":{"line":7,"type":"if","locations":[{"start":{"line":7,"column":232},"end":{"line":7,"column":232}},{"start":{"line":7,"column":232},"end":{"line":7,"column":232}}]},"3":{"line":7,"type":"if","locations":[{"start":{"line":7,"column":407},"end":{"line":7,"column":407}},{"start":{"line":7,"column":407},"end":{"line":7,"column":407}}]},"4":{"line":7,"type":"if","locations":[{"start":{"line":7,"column":476},"end":{"line":7,"column":476}},{"start":{"line":7,"column":476},"end":{"line":7,"column":476}}]},"5":{"line":17,"type":"cond-expr","locations":[{"start":{"line":17,"column":70},"end":{"line":17,"column":73}},{"start":{"line":17,"column":76},"end":{"line":17,"column":92}}]},"6":{"line":17,"type":"binary-expr","locations":[{"start":{"line":17,"column":46},"end":{"line":17,"column":49}},{"start":{"line":17,"column":53},"end":{"line":17,"column":67}}]},"7":{"line":19,"type":"if","locations":[{"start":{"line":19,"column":50},"end":{"line":19,"column":50}},{"start":{"line":19,"column":50},"end":{"line":19,"column":50}}]},"8":{"line":74,"type":"if","locations":[{"start":{"line":74,"column":6},"end":{"line":74,"column":6}},{"start":{"line":74,"column":6},"end":{"line":74,"column":6}}]},"9":{"line":74,"type":"binary-expr","locations":[{"start":{"line":74,"column":10},"end":{"line":74,"column":19}},{"start":{"line":74,"column":23},"end":{"line":74,"column":34}},{"start":{"line":74,"column":38},"end":{"line":74,"column":50}},{"start":{"line":74,"column":54},"end":{"line":74,"column":69}},{"start":{"line":74,"column":73},"end":{"line":74,"column":85}},{"start":{"line":74,"column":89},"end":{"line":74,"column":96}}]},"10":{"line":113,"type":"if","locations":[{"start":{"line":113,"column":6},"end":{"line":113,"column":6}},{"start":{"line":113,"column":6},"end":{"line":113,"column":6}}]},"11":{"line":135,"type":"if","locations":[{"start":{"line":135,"column":6},"end":{"line":135,"column":6}},{"start":{"line":135,"column":6},"end":{"line":135,"column":6}}]}}},"C:\\xampp\\htdocs\\sendIT-rest-api\\build\\models\\app.js":{"path":"C:\\xampp\\htdocs\\sendIT-rest-api\\build\\models\\app.js","s":{"1":1,"2":1,"3":1,"4":1,"5":2,"6":2,"7":2,"8":2,"9":2,"10":2,"11":1,"12":1,"13":1,"14":1,"15":0,"16":1,"17":1,"18":1,"19":1,"20":1,"21":1,"22":33,"23":0,"24":1,"25":1,"26":33,"27":1,"28":75,"29":74,"30":74,"31":1,"32":0,"33":1,"34":1},"b":{"1":[2,2],"2":[2,0],"3":[1,0],"4":[0,1],"5":[0,1],"6":[1,1],"7":[0,33]},"f":{"1":1,"2":1,"3":1,"4":1,"5":33,"6":1,"7":33,"8":75,"9":1},"fnMap":{"1":{"name":"(anonymous_1)","line":7,"loc":{"start":{"line":7,"column":19},"end":{"line":7,"column":31}}},"2":{"name":"defineProperties","line":7,"loc":{"start":{"line":7,"column":33},"end":{"line":7,"column":74}}},"3":{"name":"(anonymous_3)","line":7,"loc":{"start":{"line":7,"column":357},"end":{"line":7,"column":405}}},"4":{"name":"_interopRequireDefault","line":13,"loc":{"start":{"line":13,"column":0},"end":{"line":13,"column":37}}},"5":{"name":"_classCallCheck","line":15,"loc":{"start":{"line":15,"column":0},"end":{"line":15,"column":48}}},"6":{"name":"(anonymous_6)","line":17,"loc":{"start":{"line":17,"column":10},"end":{"line":17,"column":22}}},"7":{"name":"App","line":18,"loc":{"start":{"line":18,"column":2},"end":{"line":18,"column":17}}},"8":{"name":"readDataFile","line":31,"loc":{"start":{"line":31,"column":11},"end":{"line":31,"column":39}}},"9":{"name":"writeDataFile","line":47,"loc":{"start":{"line":47,"column":11},"end":{"line":47,"column":52}}}},"statementMap":{"1":{"start":{"line":3,"column":0},"end":{"line":5,"column":3}},"2":{"start":{"line":7,"column":0},"end":{"line":7,"column":564}},"3":{"start":{"line":7,"column":33},"end":{"line":7,"column":349}},"4":{"start":{"line":7,"column":76},"end":{"line":7,"column":347}},"5":{"start":{"line":7,"column":117},"end":{"line":7,"column":143}},"6":{"start":{"line":7,"column":144},"end":{"line":7,"column":199}},"7":{"start":{"line":7,"column":200},"end":{"line":7,"column":231}},"8":{"start":{"line":7,"column":232},"end":{"line":7,"column":286}},"9":{"start":{"line":7,"column":259},"end":{"line":7,"column":286}},"10":{"start":{"line":7,"column":287},"end":{"line":7,"column":345}},"11":{"start":{"line":7,"column":350},"end":{"line":7,"column":559}},"12":{"start":{"line":7,"column":407},"end":{"line":7,"column":475}},"13":{"start":{"line":7,"column":423},"end":{"line":7,"column":475}},"14":{"start":{"line":7,"column":476},"end":{"line":7,"column":536}},"15":{"start":{"line":7,"column":493},"end":{"line":7,"column":536}},"16":{"start":{"line":7,"column":537},"end":{"line":7,"column":556}},"17":{"start":{"line":9,"column":0},"end":{"line":9,"column":24}},"18":{"start":{"line":11,"column":0},"end":{"line":11,"column":39}},"19":{"start":{"line":13,"column":0},"end":{"line":13,"column":95}},"20":{"start":{"line":13,"column":39},"end":{"line":13,"column":93}},"21":{"start":{"line":15,"column":0},"end":{"line":15,"column":153}},"22":{"start":{"line":15,"column":50},"end":{"line":15,"column":151}},"23":{"start":{"line":15,"column":92},"end":{"line":15,"column":149}},"24":{"start":{"line":17,"column":0},"end":{"line":54,"column":4}},"25":{"start":{"line":18,"column":2},"end":{"line":20,"column":3}},"26":{"start":{"line":19,"column":4},"end":{"line":19,"column":31}},"27":{"start":{"line":22,"column":2},"end":{"line":51,"column":6}},"28":{"start":{"line":32,"column":6},"end":{"line":32,"column":62}},"29":{"start":{"line":33,"column":6},"end":{"line":33,"column":43}},"30":{"start":{"line":35,"column":6},"end":{"line":35,"column":23}},"31":{"start":{"line":48,"column":6},"end":{"line":48,"column":54}},"32":{"start":{"line":49,"column":6},"end":{"line":49,"column":50}},"33":{"start":{"line":53,"column":2},"end":{"line":53,"column":13}},"34":{"start":{"line":56,"column":0},"end":{"line":56,"column":22}}},"branchMap":{"1":{"line":7,"type":"binary-expr","locations":[{"start":{"line":7,"column":168},"end":{"line":7,"column":189}},{"start":{"line":7,"column":193},"end":{"line":7,"column":198}}]},"2":{"line":7,"type":"if","locations":[{"start":{"line":7,"column":232},"end":{"line":7,"column":232}},{"start":{"line":7,"column":232},"end":{"line":7,"column":232}}]},"3":{"line":7,"type":"if","locations":[{"start":{"line":7,"column":407},"end":{"line":7,"column":407}},{"start":{"line":7,"column":407},"end":{"line":7,"column":407}}]},"4":{"line":7,"type":"if","locations":[{"start":{"line":7,"column":476},"end":{"line":7,"column":476}},{"start":{"line":7,"column":476},"end":{"line":7,"column":476}}]},"5":{"line":13,"type":"cond-expr","locations":[{"start":{"line":13,"column":70},"end":{"line":13,"column":73}},{"start":{"line":13,"column":76},"end":{"line":13,"column":92}}]},"6":{"line":13,"type":"binary-expr","locations":[{"start":{"line":13,"column":46},"end":{"line":13,"column":49}},{"start":{"line":13,"column":53},"end":{"line":13,"column":67}}]},"7":{"line":15,"type":"if","locations":[{"start":{"line":15,"column":50},"end":{"line":15,"column":50}},{"start":{"line":15,"column":50},"end":{"line":15,"column":50}}]}}},"C:\\xampp\\htdocs\\sendIT-rest-api\\build\\models\\user.js":{"path":"C:\\xampp\\htdocs\\sendIT-rest-api\\build\\models\\user.js","s":{"1":1,"2":1,"3":1,"4":1,"5":11,"6":11,"7":11,"8":11,"9":11,"10":11,"11":1,"12":1,"13":1,"14":1,"15":0,"16":1,"17":1,"18":1,"19":1,"20":1,"21":1,"22":1,"23":1,"24":3,"25":1,"26":18,"27":0,"28":1,"29":1,"30":1,"31":1,"32":18,"33":18,"34":18,"35":18,"36":18,"37":18,"38":18,"39":1,"40":3,"41":3,"42":3,"43":3,"44":3,"45":3,"46":9,"47":3,"48":1,"49":2,"50":2,"51":0,"52":0,"53":0,"54":2,"55":5,"56":5,"57":5,"58":5,"59":5,"60":35,"61":2,"62":5,"63":3,"64":3,"65":3,"66":3,"67":3,"68":21,"69":1,"70":3,"71":5,"72":5,"73":11,"74":11,"75":23,"76":11,"77":7,"78":7,"79":19,"80":7,"81":5,"82":2,"83":3,"84":3,"85":3,"86":3,"87":3,"88":3,"89":13,"90":3,"91":3,"92":0,"93":0,"94":0,"95":0,"96":0,"97":2,"98":2,"99":12,"100":2,"101":1,"102":1,"103":1,"104":0,"105":0,"106":0,"107":8,"108":8,"109":6,"110":36,"111":6,"112":2,"113":12,"114":2,"115":1,"116":1},"b":{"1":[11,11],"2":[11,0],"3":[1,0],"4":[0,1],"5":[1,2],"6":[3,3],"7":[0,18],"8":[1,2],"9":[3,2,2,2],"10":[2,0],"11":[2,33],"12":[35,2],"13":[1,20],"14":[5,2],"15":[2,3],"16":[13,1],"17":[3,0],"18":[3,2,2],"19":[0,0],"20":[0,0],"21":[12,0],"22":[1,1],"23":[2,1],"24":[1,0],"25":[1,0],"26":[6,2],"27":[36,24]},"f":{"1":1,"2":1,"3":1,"4":3,"5":18,"6":1,"7":18,"8":3,"9":9,"10":5,"11":35,"12":3,"13":21,"14":5,"15":5,"16":11,"17":23,"18":7,"19":19,"20":5,"21":3,"22":13,"23":2,"24":12,"25":8,"26":36,"27":12},"fnMap":{"1":{"name":"(anonymous_1)","line":7,"loc":{"start":{"line":7,"column":19},"end":{"line":7,"column":31}}},"2":{"name":"defineProperties","line":7,"loc":{"start":{"line":7,"column":33},"end":{"line":7,"column":74}}},"3":{"name":"(anonymous_3)","line":7,"loc":{"start":{"line":7,"column":357},"end":{"line":7,"column":405}}},"4":{"name":"_interopRequireDefault","line":21,"loc":{"start":{"line":21,"column":0},"end":{"line":21,"column":37}}},"5":{"name":"_classCallCheck","line":23,"loc":{"start":{"line":23,"column":0},"end":{"line":23,"column":48}}},"6":{"name":"(anonymous_6)","line":28,"loc":{"start":{"line":28,"column":11},"end":{"line":28,"column":23}}},"7":{"name":"User","line":29,"loc":{"start":{"line":29,"column":2},"end":{"line":29,"column":54}}},"8":{"name":"createUser","line":54,"loc":{"start":{"line":54,"column":11},"end":{"line":54,"column":69}}},"9":{"name":"(anonymous_9)","line":69,"loc":{"start":{"line":69,"column":38},"end":{"line":69,"column":54}}},"10":{"name":"getUser","line":98,"loc":{"start":{"line":98,"column":11},"end":{"line":98,"column":45}}},"11":{"name":"(anonymous_11)","line":106,"loc":{"start":{"line":106,"column":23},"end":{"line":106,"column":39}}},"12":{"name":"getUserIdByEmail","line":124,"loc":{"start":{"line":124,"column":11},"end":{"line":124,"column":44}}},"13":{"name":"(anonymous_13)","line":131,"loc":{"start":{"line":131,"column":23},"end":{"line":131,"column":39}}},"14":{"name":"setUserId","line":146,"loc":{"start":{"line":146,"column":11},"end":{"line":146,"column":32}}},"15":{"name":"getUserId","line":157,"loc":{"start":{"line":157,"column":11},"end":{"line":157,"column":32}}},"16":{"name":"isTokenValid","line":170,"loc":{"start":{"line":170,"column":11},"end":{"line":170,"column":42}}},"17":{"name":"(anonymous_17)","line":172,"loc":{"start":{"line":172,"column":31},"end":{"line":172,"column":47}}},"18":{"name":"getUserIdByToken","line":188,"loc":{"start":{"line":188,"column":11},"end":{"line":188,"column":46}}},"19":{"name":"(anonymous_19)","line":190,"loc":{"start":{"line":190,"column":31},"end":{"line":190,"column":47}}},"20":{"name":"getEncryptedToken","line":206,"loc":{"start":{"line":206,"column":11},"end":{"line":206,"column":45}}},"21":{"name":"editParcelDestination","line":229,"loc":{"start":{"line":229,"column":11},"end":{"line":229,"column":73}}},"22":{"name":"(anonymous_22)","line":233,"loc":{"start":{"line":233,"column":35},"end":{"line":233,"column":49}}},"23":{"name":"cancelParcel","line":262,"loc":{"start":{"line":262,"column":11},"end":{"line":262,"column":51}}},"24":{"name":"(anonymous_24)","line":266,"loc":{"start":{"line":266,"column":35},"end":{"line":266,"column":49}}},"25":{"name":"getParcelNumber","line":294,"loc":{"start":{"line":294,"column":11},"end":{"line":294,"column":52}}},"26":{"name":"(anonymous_26)","line":299,"loc":{"start":{"line":299,"column":40},"end":{"line":299,"column":54}}},"27":{"name":"(anonymous_27)","line":304,"loc":{"start":{"line":304,"column":37},"end":{"line":304,"column":51}}}},"statementMap":{"1":{"start":{"line":3,"column":0},"end":{"line":5,"column":3}},"2":{"start":{"line":7,"column":0},"end":{"line":7,"column":564}},"3":{"start":{"line":7,"column":33},"end":{"line":7,"column":349}},"4":{"start":{"line":7,"column":76},"end":{"line":7,"column":347}},"5":{"start":{"line":7,"column":117},"end":{"line":7,"column":143}},"6":{"start":{"line":7,"column":144},"end":{"line":7,"column":199}},"7":{"start":{"line":7,"column":200},"end":{"line":7,"column":231}},"8":{"start":{"line":7,"column":232},"end":{"line":7,"column":286}},"9":{"start":{"line":7,"column":259},"end":{"line":7,"column":286}},"10":{"start":{"line":7,"column":287},"end":{"line":7,"column":345}},"11":{"start":{"line":7,"column":350},"end":{"line":7,"column":559}},"12":{"start":{"line":7,"column":407},"end":{"line":7,"column":475}},"13":{"start":{"line":7,"column":423},"end":{"line":7,"column":475}},"14":{"start":{"line":7,"column":476},"end":{"line":7,"column":536}},"15":{"start":{"line":7,"column":493},"end":{"line":7,"column":536}},"16":{"start":{"line":7,"column":537},"end":{"line":7,"column":556}},"17":{"start":{"line":9,"column":0},"end":{"line":9,"column":32}},"18":{"start":{"line":11,"column":0},"end":{"line":11,"column":47}},"19":{"start":{"line":13,"column":0},"end":{"line":13,"column":28}},"20":{"start":{"line":15,"column":0},"end":{"line":15,"column":43}},"21":{"start":{"line":17,"column":0},"end":{"line":17,"column":28}},"22":{"start":{"line":19,"column":0},"end":{"line":19,"column":41}},"23":{"start":{"line":21,"column":0},"end":{"line":21,"column":95}},"24":{"start":{"line":21,"column":39},"end":{"line":21,"column":93}},"25":{"start":{"line":23,"column":0},"end":{"line":23,"column":153}},"26":{"start":{"line":23,"column":50},"end":{"line":23,"column":151}},"27":{"start":{"line":23,"column":92},"end":{"line":23,"column":149}},"28":{"start":{"line":25,"column":0},"end":{"line":25,"column":79}},"29":{"start":{"line":26,"column":0},"end":{"line":26,"column":83}},"30":{"start":{"line":28,"column":0},"end":{"line":312,"column":4}},"31":{"start":{"line":29,"column":2},"end":{"line":39,"column":3}},"32":{"start":{"line":30,"column":4},"end":{"line":30,"column":32}},"33":{"start":{"line":32,"column":4},"end":{"line":32,"column":34}},"34":{"start":{"line":33,"column":4},"end":{"line":33,"column":19}},"35":{"start":{"line":35,"column":4},"end":{"line":35,"column":31}},"36":{"start":{"line":36,"column":4},"end":{"line":36,"column":29}},"37":{"start":{"line":37,"column":4},"end":{"line":37,"column":23}},"38":{"start":{"line":38,"column":4},"end":{"line":38,"column":29}},"39":{"start":{"line":52,"column":2},"end":{"line":309,"column":6}},"40":{"start":{"line":55,"column":6},"end":{"line":55,"column":23}},"41":{"start":{"line":56,"column":6},"end":{"line":56,"column":32}},"42":{"start":{"line":57,"column":6},"end":{"line":57,"column":28}},"43":{"start":{"line":58,"column":6},"end":{"line":65,"column":8}},"44":{"start":{"line":67,"column":6},"end":{"line":67,"column":57}},"45":{"start":{"line":69,"column":6},"end":{"line":71,"column":9}},"46":{"start":{"line":70,"column":8},"end":{"line":70,"column":36}},"47":{"start":{"line":73,"column":6},"end":{"line":75,"column":7}},"48":{"start":{"line":74,"column":8},"end":{"line":74,"column":20}},"49":{"start":{"line":77,"column":6},"end":{"line":84,"column":7}},"50":{"start":{"line":78,"column":8},"end":{"line":78,"column":25}},"51":{"start":{"line":81,"column":8},"end":{"line":81,"column":32}},"52":{"start":{"line":82,"column":8},"end":{"line":82,"column":55}},"53":{"start":{"line":83,"column":8},"end":{"line":83,"column":28}},"54":{"start":{"line":85,"column":6},"end":{"line":85,"column":22}},"55":{"start":{"line":99,"column":6},"end":{"line":99,"column":23}},"56":{"start":{"line":101,"column":6},"end":{"line":101,"column":25}},"57":{"start":{"line":102,"column":6},"end":{"line":102,"column":31}},"58":{"start":{"line":104,"column":6},"end":{"line":104,"column":57}},"59":{"start":{"line":106,"column":6},"end":{"line":110,"column":9}},"60":{"start":{"line":107,"column":8},"end":{"line":109,"column":9}},"61":{"start":{"line":108,"column":10},"end":{"line":108,"column":32}},"62":{"start":{"line":112,"column":6},"end":{"line":112,"column":27}},"63":{"start":{"line":125,"column":6},"end":{"line":125,"column":24}},"64":{"start":{"line":127,"column":6},"end":{"line":127,"column":25}},"65":{"start":{"line":128,"column":6},"end":{"line":128,"column":24}},"66":{"start":{"line":129,"column":6},"end":{"line":129,"column":57}},"67":{"start":{"line":131,"column":6},"end":{"line":135,"column":9}},"68":{"start":{"line":132,"column":8},"end":{"line":134,"column":9}},"69":{"start":{"line":133,"column":10},"end":{"line":133,"column":25}},"70":{"start":{"line":137,"column":6},"end":{"line":137,"column":18}},"71":{"start":{"line":147,"column":6},"end":{"line":147,"column":55}},"72":{"start":{"line":158,"column":6},"end":{"line":158,"column":25}},"73":{"start":{"line":171,"column":6},"end":{"line":171,"column":57}},"74":{"start":{"line":172,"column":6},"end":{"line":174,"column":9}},"75":{"start":{"line":173,"column":8},"end":{"line":173,"column":38}},"76":{"start":{"line":176,"column":6},"end":{"line":176,"column":20}},"77":{"start":{"line":189,"column":6},"end":{"line":189,"column":57}},"78":{"start":{"line":190,"column":6},"end":{"line":192,"column":9}},"79":{"start":{"line":191,"column":8},"end":{"line":191,"column":38}},"80":{"start":{"line":194,"column":6},"end":{"line":194,"column":36}},"81":{"start":{"line":207,"column":6},"end":{"line":209,"column":7}},"82":{"start":{"line":208,"column":8},"end":{"line":208,"column":21}},"83":{"start":{"line":210,"column":6},"end":{"line":210,"column":66}},"84":{"start":{"line":212,"column":6},"end":{"line":212,"column":76}},"85":{"start":{"line":213,"column":6},"end":{"line":213,"column":44}},"86":{"start":{"line":215,"column":6},"end":{"line":215,"column":28}},"87":{"start":{"line":231,"column":6},"end":{"line":231,"column":61}},"88":{"start":{"line":233,"column":6},"end":{"line":235,"column":9}},"89":{"start":{"line":234,"column":8},"end":{"line":234,"column":66}},"90":{"start":{"line":237,"column":6},"end":{"line":239,"column":7}},"91":{"start":{"line":238,"column":8},"end":{"line":238,"column":20}},"92":{"start":{"line":241,"column":6},"end":{"line":243,"column":7}},"93":{"start":{"line":242,"column":8},"end":{"line":242,"column":21}},"94":{"start":{"line":246,"column":6},"end":{"line":246,"column":39}},"95":{"start":{"line":248,"column":6},"end":{"line":248,"column":57}},"96":{"start":{"line":249,"column":6},"end":{"line":249,"column":20}},"97":{"start":{"line":264,"column":6},"end":{"line":264,"column":61}},"98":{"start":{"line":266,"column":6},"end":{"line":268,"column":9}},"99":{"start":{"line":267,"column":8},"end":{"line":267,"column":66}},"100":{"start":{"line":270,"column":6},"end":{"line":272,"column":7}},"101":{"start":{"line":271,"column":8},"end":{"line":271,"column":20}},"102":{"start":{"line":274,"column":6},"end":{"line":276,"column":7}},"103":{"start":{"line":275,"column":8},"end":{"line":275,"column":21}},"104":{"start":{"line":279,"column":6},"end":{"line":279,"column":34}},"105":{"start":{"line":281,"column":6},"end":{"line":281,"column":57}},"106":{"start":{"line":282,"column":6},"end":{"line":282,"column":20}},"107":{"start":{"line":295,"column":6},"end":{"line":295,"column":61}},"108":{"start":{"line":298,"column":6},"end":{"line":303,"column":7}},"109":{"start":{"line":299,"column":8},"end":{"line":301,"column":11}},"110":{"start":{"line":300,"column":10},"end":{"line":300,"column":65}},"111":{"start":{"line":302,"column":8},"end":{"line":302,"column":30}},"112":{"start":{"line":304,"column":6},"end":{"line":306,"column":9}},"113":{"start":{"line":305,"column":8},"end":{"line":305,"column":39}},"114":{"start":{"line":307,"column":6},"end":{"line":307,"column":27}},"115":{"start":{"line":311,"column":2},"end":{"line":311,"column":14}},"116":{"start":{"line":314,"column":0},"end":{"line":314,"column":23}}},"branchMap":{"1":{"line":7,"type":"binary-expr","locations":[{"start":{"line":7,"column":168},"end":{"line":7,"column":189}},{"start":{"line":7,"column":193},"end":{"line":7,"column":198}}]},"2":{"line":7,"type":"if","locations":[{"start":{"line":7,"column":232},"end":{"line":7,"column":232}},{"start":{"line":7,"column":232},"end":{"line":7,"column":232}}]},"3":{"line":7,"type":"if","locations":[{"start":{"line":7,"column":407},"end":{"line":7,"column":407}},{"start":{"line":7,"column":407},"end":{"line":7,"column":407}}]},"4":{"line":7,"type":"if","locations":[{"start":{"line":7,"column":476},"end":{"line":7,"column":476}},{"start":{"line":7,"column":476},"end":{"line":7,"column":476}}]},"5":{"line":21,"type":"cond-expr","locations":[{"start":{"line":21,"column":70},"end":{"line":21,"column":73}},{"start":{"line":21,"column":76},"end":{"line":21,"column":92}}]},"6":{"line":21,"type":"binary-expr","locations":[{"start":{"line":21,"column":46},"end":{"line":21,"column":49}},{"start":{"line":21,"column":53},"end":{"line":21,"column":67}}]},"7":{"line":23,"type":"if","locations":[{"start":{"line":23,"column":50},"end":{"line":23,"column":50}},{"start":{"line":23,"column":50},"end":{"line":23,"column":50}}]},"8":{"line":73,"type":"if","locations":[{"start":{"line":73,"column":6},"end":{"line":73,"column":6}},{"start":{"line":73,"column":6},"end":{"line":73,"column":6}}]},"9":{"line":73,"type":"binary-expr","locations":[{"start":{"line":73,"column":10},"end":{"line":73,"column":20}},{"start":{"line":73,"column":24},"end":{"line":73,"column":33}},{"start":{"line":73,"column":37},"end":{"line":73,"column":43}},{"start":{"line":73,"column":47},"end":{"line":73,"column":56}}]},"10":{"line":77,"type":"if","locations":[{"start":{"line":77,"column":6},"end":{"line":77,"column":6}},{"start":{"line":77,"column":6},"end":{"line":77,"column":6}}]},"11":{"line":107,"type":"if","locations":[{"start":{"line":107,"column":8},"end":{"line":107,"column":8}},{"start":{"line":107,"column":8},"end":{"line":107,"column":8}}]},"12":{"line":107,"type":"binary-expr","locations":[{"start":{"line":107,"column":12},"end":{"line":107,"column":38}},{"start":{"line":107,"column":42},"end":{"line":107,"column":74}}]},"13":{"line":132,"type":"if","locations":[{"start":{"line":132,"column":8},"end":{"line":132,"column":8}},{"start":{"line":132,"column":8},"end":{"line":132,"column":8}}]},"14":{"line":194,"type":"cond-expr","locations":[{"start":{"line":194,"column":20},"end":{"line":194,"column":27}},{"start":{"line":194,"column":30},"end":{"line":194,"column":35}}]},"15":{"line":207,"type":"if","locations":[{"start":{"line":207,"column":6},"end":{"line":207,"column":6}},{"start":{"line":207,"column":6},"end":{"line":207,"column":6}}]},"16":{"line":234,"type":"binary-expr","locations":[{"start":{"line":234,"column":15},"end":{"line":234,"column":38}},{"start":{"line":234,"column":42},"end":{"line":234,"column":65}}]},"17":{"line":237,"type":"if","locations":[{"start":{"line":237,"column":6},"end":{"line":237,"column":6}},{"start":{"line":237,"column":6},"end":{"line":237,"column":6}}]},"18":{"line":237,"type":"binary-expr","locations":[{"start":{"line":237,"column":10},"end":{"line":237,"column":17}},{"start":{"line":237,"column":21},"end":{"line":237,"column":30}},{"start":{"line":237,"column":34},"end":{"line":237,"column":46}}]},"19":{"line":241,"type":"if","locations":[{"start":{"line":241,"column":6},"end":{"line":241,"column":6}},{"start":{"line":241,"column":6},"end":{"line":241,"column":6}}]},"20":{"line":241,"type":"binary-expr","locations":[{"start":{"line":241,"column":10},"end":{"line":241,"column":17}},{"start":{"line":241,"column":21},"end":{"line":241,"column":50}}]},"21":{"line":267,"type":"binary-expr","locations":[{"start":{"line":267,"column":15},"end":{"line":267,"column":38}},{"start":{"line":267,"column":42},"end":{"line":267,"column":65}}]},"22":{"line":270,"type":"if","locations":[{"start":{"line":270,"column":6},"end":{"line":270,"column":6}},{"start":{"line":270,"column":6},"end":{"line":270,"column":6}}]},"23":{"line":270,"type":"binary-expr","locations":[{"start":{"line":270,"column":10},"end":{"line":270,"column":17}},{"start":{"line":270,"column":21},"end":{"line":270,"column":30}}]},"24":{"line":274,"type":"if","locations":[{"start":{"line":274,"column":6},"end":{"line":274,"column":6}},{"start":{"line":274,"column":6},"end":{"line":274,"column":6}}]},"25":{"line":274,"type":"binary-expr","locations":[{"start":{"line":274,"column":10},"end":{"line":274,"column":17}},{"start":{"line":274,"column":21},"end":{"line":274,"column":50}}]},"26":{"line":298,"type":"if","locations":[{"start":{"line":298,"column":6},"end":{"line":298,"column":6}},{"start":{"line":298,"column":6},"end":{"line":298,"column":6}}]},"27":{"line":300,"type":"binary-expr","locations":[{"start":{"line":300,"column":17},"end":{"line":300,"column":40}},{"start":{"line":300,"column":44},"end":{"line":300,"column":64}}]}}},"C:\\xampp\\htdocs\\sendIT-rest-api\\build\\models\\admin.js":{"path":"C:\\xampp\\htdocs\\sendIT-rest-api\\build\\models\\admin.js","s":{"1":1,"2":1,"3":1,"4":1,"5":6,"6":6,"7":6,"8":6,"9":6,"10":6,"11":1,"12":1,"13":1,"14":1,"15":0,"16":1,"17":1,"18":1,"19":1,"20":1,"21":1,"22":1,"23":1,"24":3,"25":1,"26":9,"27":0,"28":1,"29":1,"30":1,"31":1,"32":9,"33":9,"34":9,"35":9,"36":9,"37":1,"38":4,"39":4,"40":4,"41":4,"42":4,"43":4,"44":1,"45":4,"46":2,"47":2,"48":2,"49":2,"50":2,"51":2,"52":0,"53":2,"54":5,"55":5,"56":5,"57":5,"58":2,"59":2,"60":2,"61":2,"62":3,"63":3,"64":3,"65":3,"66":8,"67":3,"68":3,"69":0,"70":0,"71":0,"72":0,"73":5,"74":5,"75":3,"76":18,"77":3,"78":2,"79":1,"80":1},"b":{"1":[6,6],"2":[6,0],"3":[1,0],"4":[0,1],"5":[1,2],"6":[3,3],"7":[0,9],"8":[1,3],"9":[4,1],"10":[0,2],"11":[0,2],"12":[2,1],"13":[3,2],"14":[3,0],"15":[3,2,0,0],"16":[3,2]},"f":{"1":1,"2":1,"3":1,"4":3,"5":9,"6":1,"7":9,"8":4,"9":4,"10":2,"11":2,"12":5,"13":5,"14":2,"15":2,"16":3,"17":8,"18":5,"19":18},"fnMap":{"1":{"name":"(anonymous_1)","line":7,"loc":{"start":{"line":7,"column":19},"end":{"line":7,"column":31}}},"2":{"name":"defineProperties","line":7,"loc":{"start":{"line":7,"column":33},"end":{"line":7,"column":74}}},"3":{"name":"(anonymous_3)","line":7,"loc":{"start":{"line":7,"column":357},"end":{"line":7,"column":405}}},"4":{"name":"_interopRequireDefault","line":21,"loc":{"start":{"line":21,"column":0},"end":{"line":21,"column":37}}},"5":{"name":"_classCallCheck","line":23,"loc":{"start":{"line":23,"column":0},"end":{"line":23,"column":48}}},"6":{"name":"(anonymous_6)","line":28,"loc":{"start":{"line":28,"column":12},"end":{"line":28,"column":24}}},"7":{"name":"Admin","line":29,"loc":{"start":{"line":29,"column":2},"end":{"line":29,"column":34}}},"8":{"name":"getAdmin","line":50,"loc":{"start":{"line":50,"column":11},"end":{"line":50,"column":46}}},"9":{"name":"(anonymous_9)","line":58,"loc":{"start":{"line":58,"column":24},"end":{"line":58,"column":40}}},"10":{"name":"getAdminIdByEmail","line":76,"loc":{"start":{"line":76,"column":11},"end":{"line":76,"column":45}}},"11":{"name":"(anonymous_11)","line":83,"loc":{"start":{"line":83,"column":24},"end":{"line":83,"column":40}}},"12":{"name":"isTokenValid","line":101,"loc":{"start":{"line":101,"column":11},"end":{"line":101,"column":42}}},"13":{"name":"(anonymous_13)","line":103,"loc":{"start":{"line":103,"column":33},"end":{"line":103,"column":49}}},"14":{"name":"getAdminIdByToken","line":119,"loc":{"start":{"line":119,"column":11},"end":{"line":119,"column":47}}},"15":{"name":"(anonymous_15)","line":121,"loc":{"start":{"line":121,"column":31},"end":{"line":121,"column":47}}},"16":{"name":"editParcel","line":138,"loc":{"start":{"line":138,"column":11},"end":{"line":138,"column":41}}},"17":{"name":"(anonymous_17)","line":149,"loc":{"start":{"line":149,"column":35},"end":{"line":149,"column":49}}},"18":{"name":"getParcelNumber","line":173,"loc":{"start":{"line":173,"column":11},"end":{"line":173,"column":44}}},"19":{"name":"(anonymous_19)","line":178,"loc":{"start":{"line":178,"column":39},"end":{"line":178,"column":53}}}},"statementMap":{"1":{"start":{"line":3,"column":0},"end":{"line":5,"column":3}},"2":{"start":{"line":7,"column":0},"end":{"line":7,"column":564}},"3":{"start":{"line":7,"column":33},"end":{"line":7,"column":349}},"4":{"start":{"line":7,"column":76},"end":{"line":7,"column":347}},"5":{"start":{"line":7,"column":117},"end":{"line":7,"column":143}},"6":{"start":{"line":7,"column":144},"end":{"line":7,"column":199}},"7":{"start":{"line":7,"column":200},"end":{"line":7,"column":231}},"8":{"start":{"line":7,"column":232},"end":{"line":7,"column":286}},"9":{"start":{"line":7,"column":259},"end":{"line":7,"column":286}},"10":{"start":{"line":7,"column":287},"end":{"line":7,"column":345}},"11":{"start":{"line":7,"column":350},"end":{"line":7,"column":559}},"12":{"start":{"line":7,"column":407},"end":{"line":7,"column":475}},"13":{"start":{"line":7,"column":423},"end":{"line":7,"column":475}},"14":{"start":{"line":7,"column":476},"end":{"line":7,"column":536}},"15":{"start":{"line":7,"column":493},"end":{"line":7,"column":536}},"16":{"start":{"line":7,"column":537},"end":{"line":7,"column":556}},"17":{"start":{"line":9,"column":0},"end":{"line":9,"column":32}},"18":{"start":{"line":11,"column":0},"end":{"line":11,"column":47}},"19":{"start":{"line":13,"column":0},"end":{"line":13,"column":28}},"20":{"start":{"line":15,"column":0},"end":{"line":15,"column":43}},"21":{"start":{"line":17,"column":0},"end":{"line":17,"column":28}},"22":{"start":{"line":19,"column":0},"end":{"line":19,"column":41}},"23":{"start":{"line":21,"column":0},"end":{"line":21,"column":95}},"24":{"start":{"line":21,"column":39},"end":{"line":21,"column":93}},"25":{"start":{"line":23,"column":0},"end":{"line":23,"column":153}},"26":{"start":{"line":23,"column":50},"end":{"line":23,"column":151}},"27":{"start":{"line":23,"column":92},"end":{"line":23,"column":149}},"28":{"start":{"line":25,"column":0},"end":{"line":25,"column":80}},"29":{"start":{"line":26,"column":0},"end":{"line":26,"column":83}},"30":{"start":{"line":28,"column":0},"end":{"line":188,"column":4}},"31":{"start":{"line":29,"column":2},"end":{"line":37,"column":3}},"32":{"start":{"line":30,"column":4},"end":{"line":30,"column":33}},"33":{"start":{"line":32,"column":4},"end":{"line":32,"column":34}},"34":{"start":{"line":33,"column":4},"end":{"line":33,"column":19}},"35":{"start":{"line":35,"column":4},"end":{"line":35,"column":23}},"36":{"start":{"line":36,"column":4},"end":{"line":36,"column":29}},"37":{"start":{"line":48,"column":2},"end":{"line":185,"column":6}},"38":{"start":{"line":51,"column":6},"end":{"line":51,"column":23}},"39":{"start":{"line":53,"column":6},"end":{"line":53,"column":25}},"40":{"start":{"line":54,"column":6},"end":{"line":54,"column":31}},"41":{"start":{"line":56,"column":6},"end":{"line":56,"column":59}},"42":{"start":{"line":58,"column":6},"end":{"line":62,"column":9}},"43":{"start":{"line":59,"column":8},"end":{"line":61,"column":9}},"44":{"start":{"line":60,"column":10},"end":{"line":60,"column":33}},"45":{"start":{"line":64,"column":6},"end":{"line":64,"column":28}},"46":{"start":{"line":77,"column":6},"end":{"line":77,"column":24}},"47":{"start":{"line":79,"column":6},"end":{"line":79,"column":25}},"48":{"start":{"line":80,"column":6},"end":{"line":80,"column":24}},"49":{"start":{"line":81,"column":6},"end":{"line":81,"column":59}},"50":{"start":{"line":83,"column":6},"end":{"line":87,"column":9}},"51":{"start":{"line":84,"column":8},"end":{"line":86,"column":9}},"52":{"start":{"line":85,"column":10},"end":{"line":85,"column":25}},"53":{"start":{"line":89,"column":6},"end":{"line":89,"column":18}},"54":{"start":{"line":102,"column":6},"end":{"line":102,"column":59}},"55":{"start":{"line":103,"column":6},"end":{"line":105,"column":9}},"56":{"start":{"line":104,"column":8},"end":{"line":104,"column":38}},"57":{"start":{"line":107,"column":6},"end":{"line":107,"column":21}},"58":{"start":{"line":120,"column":6},"end":{"line":120,"column":58}},"59":{"start":{"line":121,"column":6},"end":{"line":123,"column":9}},"60":{"start":{"line":122,"column":8},"end":{"line":122,"column":38}},"61":{"start":{"line":125,"column":6},"end":{"line":125,"column":36}},"62":{"start":{"line":139,"column":6},"end":{"line":139,"column":90}},"63":{"start":{"line":142,"column":6},"end":{"line":143,"column":33}},"64":{"start":{"line":147,"column":6},"end":{"line":147,"column":61}},"65":{"start":{"line":149,"column":6},"end":{"line":151,"column":9}},"66":{"start":{"line":150,"column":8},"end":{"line":150,"column":39}},"67":{"start":{"line":153,"column":6},"end":{"line":155,"column":7}},"68":{"start":{"line":154,"column":8},"end":{"line":154,"column":21}},"69":{"start":{"line":158,"column":6},"end":{"line":158,"column":47}},"70":{"start":{"line":159,"column":6},"end":{"line":159,"column":29}},"71":{"start":{"line":161,"column":6},"end":{"line":161,"column":57}},"72":{"start":{"line":162,"column":6},"end":{"line":162,"column":20}},"73":{"start":{"line":174,"column":6},"end":{"line":174,"column":61}},"74":{"start":{"line":177,"column":6},"end":{"line":182,"column":7}},"75":{"start":{"line":178,"column":8},"end":{"line":180,"column":11}},"76":{"start":{"line":179,"column":10},"end":{"line":179,"column":38}},"77":{"start":{"line":181,"column":8},"end":{"line":181,"column":29}},"78":{"start":{"line":183,"column":6},"end":{"line":183,"column":31}},"79":{"start":{"line":187,"column":2},"end":{"line":187,"column":15}},"80":{"start":{"line":190,"column":0},"end":{"line":190,"column":24}}},"branchMap":{"1":{"line":7,"type":"binary-expr","locations":[{"start":{"line":7,"column":168},"end":{"line":7,"column":189}},{"start":{"line":7,"column":193},"end":{"line":7,"column":198}}]},"2":{"line":7,"type":"if","locations":[{"start":{"line":7,"column":232},"end":{"line":7,"column":232}},{"start":{"line":7,"column":232},"end":{"line":7,"column":232}}]},"3":{"line":7,"type":"if","locations":[{"start":{"line":7,"column":407},"end":{"line":7,"column":407}},{"start":{"line":7,"column":407},"end":{"line":7,"column":407}}]},"4":{"line":7,"type":"if","locations":[{"start":{"line":7,"column":476},"end":{"line":7,"column":476}},{"start":{"line":7,"column":476},"end":{"line":7,"column":476}}]},"5":{"line":21,"type":"cond-expr","locations":[{"start":{"line":21,"column":70},"end":{"line":21,"column":73}},{"start":{"line":21,"column":76},"end":{"line":21,"column":92}}]},"6":{"line":21,"type":"binary-expr","locations":[{"start":{"line":21,"column":46},"end":{"line":21,"column":49}},{"start":{"line":21,"column":53},"end":{"line":21,"column":67}}]},"7":{"line":23,"type":"if","locations":[{"start":{"line":23,"column":50},"end":{"line":23,"column":50}},{"start":{"line":23,"column":50},"end":{"line":23,"column":50}}]},"8":{"line":59,"type":"if","locations":[{"start":{"line":59,"column":8},"end":{"line":59,"column":8}},{"start":{"line":59,"column":8},"end":{"line":59,"column":8}}]},"9":{"line":59,"type":"binary-expr","locations":[{"start":{"line":59,"column":12},"end":{"line":59,"column":38}},{"start":{"line":59,"column":42},"end":{"line":59,"column":74}}]},"10":{"line":84,"type":"if","locations":[{"start":{"line":84,"column":8},"end":{"line":84,"column":8}},{"start":{"line":84,"column":8},"end":{"line":84,"column":8}}]},"11":{"line":125,"type":"cond-expr","locations":[{"start":{"line":125,"column":20},"end":{"line":125,"column":27}},{"start":{"line":125,"column":30},"end":{"line":125,"column":35}}]},"12":{"line":139,"type":"cond-expr","locations":[{"start":{"line":139,"column":72},"end":{"line":139,"column":84}},{"start":{"line":139,"column":87},"end":{"line":139,"column":89}}]},"13":{"line":139,"type":"binary-expr","locations":[{"start":{"line":139,"column":19},"end":{"line":139,"column":39}},{"start":{"line":139,"column":43},"end":{"line":139,"column":69}}]},"14":{"line":153,"type":"if","locations":[{"start":{"line":153,"column":6},"end":{"line":153,"column":6}},{"start":{"line":153,"column":6},"end":{"line":153,"column":6}}]},"15":{"line":153,"type":"binary-expr","locations":[{"start":{"line":153,"column":10},"end":{"line":153,"column":17}},{"start":{"line":153,"column":21},"end":{"line":153,"column":37}},{"start":{"line":153,"column":41},"end":{"line":153,"column":48}},{"start":{"line":153,"column":52},"end":{"line":153,"column":81}}]},"16":{"line":177,"type":"if","locations":[{"start":{"line":177,"column":6},"end":{"line":177,"column":6}},{"start":{"line":177,"column":6},"end":{"line":177,"column":6}}]}}},"C:\\xampp\\htdocs\\sendIT-rest-api\\build\\app.js":{"path":"C:\\xampp\\htdocs\\sendIT-rest-api\\build\\app.js","s":{"1":1,"2":1,"3":1,"4":1,"5":1,"6":1,"7":1,"8":1,"9":1,"10":1,"11":1,"12":1,"13":1,"14":6,"15":1,"16":1,"17":1,"18":1,"19":1,"20":1,"21":29,"22":29,"23":29,"24":0,"25":0,"26":29,"27":1,"28":1,"29":1,"30":1,"31":1,"32":1,"33":1,"34":1,"35":1,"36":1,"37":1,"38":1},"b":{"1":[0,6],"2":[6,6],"3":[0,29],"4":[1,0]},"f":{"1":6,"2":29,"3":1,"4":1},"fnMap":{"1":{"name":"_interopRequireDefault","line":27,"loc":{"start":{"line":27,"column":0},"end":{"line":27,"column":37}}},"2":{"name":"(anonymous_2)","line":42,"loc":{"start":{"line":42,"column":8},"end":{"line":42,"column":43}}},"3":{"name":"(anonymous_3)","line":63,"loc":{"start":{"line":63,"column":8},"end":{"line":63,"column":43}}},"4":{"name":"(anonymous_4)","line":70,"loc":{"start":{"line":70,"column":8},"end":{"line":70,"column":50}}}},"statementMap":{"1":{"start":{"line":3,"column":0},"end":{"line":3,"column":34}},"2":{"start":{"line":5,"column":0},"end":{"line":5,"column":49}},"3":{"start":{"line":7,"column":0},"end":{"line":7,"column":32}},"4":{"start":{"line":9,"column":0},"end":{"line":9,"column":47}},"5":{"start":{"line":11,"column":0},"end":{"line":11,"column":41}},"6":{"start":{"line":13,"column":0},"end":{"line":13,"column":55}},"7":{"start":{"line":15,"column":0},"end":{"line":15,"column":37}},"8":{"start":{"line":17,"column":0},"end":{"line":17,"column":43}},"9":{"start":{"line":19,"column":0},"end":{"line":19,"column":41}},"10":{"start":{"line":21,"column":0},"end":{"line":21,"column":47}},"11":{"start":{"line":23,"column":0},"end":{"line":23,"column":39}},"12":{"start":{"line":25,"column":0},"end":{"line":25,"column":45}},"13":{"start":{"line":27,"column":0},"end":{"line":27,"column":95}},"14":{"start":{"line":27,"column":39},"end":{"line":27,"column":93}},"15":{"start":{"line":29,"column":0},"end":{"line":29,"column":35}},"16":{"start":{"line":30,"column":0},"end":{"line":30,"column":27}},"17":{"start":{"line":33,"column":0},"end":{"line":33,"column":38}},"18":{"start":{"line":36,"column":0},"end":{"line":38,"column":4}},"19":{"start":{"line":39,"column":0},"end":{"line":39,"column":37}},"20":{"start":{"line":42,"column":0},"end":{"line":51,"column":3}},"21":{"start":{"line":43,"column":2},"end":{"line":43,"column":54}},"22":{"start":{"line":44,"column":2},"end":{"line":44,"column":115}},"23":{"start":{"line":46,"column":2},"end":{"line":49,"column":3}},"24":{"start":{"line":47,"column":4},"end":{"line":47,"column":85}},"25":{"start":{"line":48,"column":4},"end":{"line":48,"column":34}},"26":{"start":{"line":50,"column":2},"end":{"line":50,"column":9}},"27":{"start":{"line":54,"column":0},"end":{"line":54,"column":51}},"28":{"start":{"line":57,"column":0},"end":{"line":57,"column":46}},"29":{"start":{"line":60,"column":0},"end":{"line":60,"column":48}},"30":{"start":{"line":63,"column":0},"end":{"line":67,"column":3}},"31":{"start":{"line":64,"column":2},"end":{"line":64,"column":61}},"32":{"start":{"line":65,"column":2},"end":{"line":65,"column":21}},"33":{"start":{"line":66,"column":2},"end":{"line":66,"column":14}},"34":{"start":{"line":70,"column":0},"end":{"line":78,"column":3}},"35":{"start":{"line":71,"column":2},"end":{"line":71,"column":39}},"36":{"start":{"line":72,"column":2},"end":{"line":76,"column":5}},"37":{"start":{"line":77,"column":2},"end":{"line":77,"column":9}},"38":{"start":{"line":80,"column":0},"end":{"line":80,"column":21}}},"branchMap":{"1":{"line":27,"type":"cond-expr","locations":[{"start":{"line":27,"column":70},"end":{"line":27,"column":73}},{"start":{"line":27,"column":76},"end":{"line":27,"column":92}}]},"2":{"line":27,"type":"binary-expr","locations":[{"start":{"line":27,"column":46},"end":{"line":27,"column":49}},{"start":{"line":27,"column":53},"end":{"line":27,"column":67}}]},"3":{"line":46,"type":"if","locations":[{"start":{"line":46,"column":2},"end":{"line":46,"column":2}},{"start":{"line":46,"column":2},"end":{"line":46,"column":2}}]},"4":{"line":71,"type":"binary-expr","locations":[{"start":{"line":71,"column":18},"end":{"line":71,"column":30}},{"start":{"line":71,"column":34},"end":{"line":71,"column":37}}]}}},"C:\\xampp\\htdocs\\sendIT-rest-api\\build\\routes\\user.js":{"path":"C:\\xampp\\htdocs\\sendIT-rest-api\\build\\routes\\user.js","s":{"1":1,"2":1,"3":1,"4":1,"5":1,"6":1,"7":1,"8":1,"9":1,"10":4,"11":1,"12":1,"13":3,"14":3,"15":1,"16":2,"17":2,"18":2,"19":1,"20":1,"21":1,"22":2,"23":2,"24":1,"25":1,"26":1,"27":1,"28":1,"29":0,"30":1,"31":1,"32":1,"33":1,"34":1,"35":1,"36":1,"37":1,"38":1,"39":1,"40":1,"41":1,"42":1,"43":1,"44":1,"45":1,"46":1,"47":1},"b":{"1":[2,2],"2":[4,4],"3":[1,2],"4":[3,2],"5":[1,1],"6":[1,1],"7":[2,1,1,1],"8":[1,0]},"f":{"1":4,"2":3,"3":2,"4":1,"5":1},"fnMap":{"1":{"name":"_interopRequireDefault","line":19,"loc":{"start":{"line":19,"column":0},"end":{"line":19,"column":37}}},"2":{"name":"(anonymous_2)","line":31,"loc":{"start":{"line":31,"column":23},"end":{"line":31,"column":52}}},"3":{"name":"(anonymous_3)","line":66,"loc":{"start":{"line":66,"column":23},"end":{"line":66,"column":52}}},"4":{"name":"(anonymous_4)","line":102,"loc":{"start":{"line":102,"column":47},"end":{"line":102,"column":76}}},"5":{"name":"(anonymous_5)","line":120,"loc":{"start":{"line":120,"column":45},"end":{"line":120,"column":74}}}},"statementMap":{"1":{"start":{"line":3,"column":0},"end":{"line":3,"column":34}},"2":{"start":{"line":5,"column":0},"end":{"line":5,"column":49}},"3":{"start":{"line":7,"column":0},"end":{"line":7,"column":38}},"4":{"start":{"line":9,"column":0},"end":{"line":9,"column":43}},"5":{"start":{"line":11,"column":0},"end":{"line":11,"column":42}},"6":{"start":{"line":13,"column":0},"end":{"line":13,"column":47}},"7":{"start":{"line":15,"column":0},"end":{"line":15,"column":43}},"8":{"start":{"line":17,"column":0},"end":{"line":17,"column":44}},"9":{"start":{"line":19,"column":0},"end":{"line":19,"column":95}},"10":{"start":{"line":19,"column":39},"end":{"line":19,"column":93}},"11":{"start":{"line":21,"column":0},"end":{"line":21,"column":40}},"12":{"start":{"line":31,"column":0},"end":{"line":59,"column":3}},"13":{"start":{"line":33,"column":2},"end":{"line":35,"column":40}},"14":{"start":{"line":38,"column":2},"end":{"line":58,"column":3}},"15":{"start":{"line":39,"column":4},"end":{"line":42,"column":7}},"16":{"start":{"line":44,"column":4},"end":{"line":44,"column":36}},"17":{"start":{"line":45,"column":4},"end":{"line":45,"column":49}},"18":{"start":{"line":47,"column":4},"end":{"line":57,"column":5}},"19":{"start":{"line":48,"column":6},"end":{"line":51,"column":9}},"20":{"start":{"line":53,"column":6},"end":{"line":56,"column":9}},"21":{"start":{"line":66,"column":0},"end":{"line":95,"column":3}},"22":{"start":{"line":67,"column":2},"end":{"line":71,"column":41}},"23":{"start":{"line":74,"column":2},"end":{"line":94,"column":3}},"24":{"start":{"line":75,"column":4},"end":{"line":78,"column":7}},"25":{"start":{"line":80,"column":4},"end":{"line":80,"column":36}},"26":{"start":{"line":81,"column":4},"end":{"line":81,"column":71}},"27":{"start":{"line":83,"column":4},"end":{"line":93,"column":5}},"28":{"start":{"line":84,"column":6},"end":{"line":87,"column":9}},"29":{"start":{"line":89,"column":6},"end":{"line":92,"column":9}},"30":{"start":{"line":102,"column":0},"end":{"line":113,"column":3}},"31":{"start":{"line":103,"column":2},"end":{"line":103,"column":37}},"32":{"start":{"line":106,"column":2},"end":{"line":106,"column":38}},"33":{"start":{"line":107,"column":2},"end":{"line":107,"column":52}},"34":{"start":{"line":109,"column":2},"end":{"line":112,"column":5}},"35":{"start":{"line":120,"column":0},"end":{"line":145,"column":3}},"36":{"start":{"line":122,"column":2},"end":{"line":122,"column":60}},"37":{"start":{"line":124,"column":2},"end":{"line":124,"column":30}},"38":{"start":{"line":125,"column":2},"end":{"line":125,"column":31}},"39":{"start":{"line":126,"column":2},"end":{"line":126,"column":30}},"40":{"start":{"line":128,"column":2},"end":{"line":128,"column":34}},"41":{"start":{"line":129,"column":2},"end":{"line":129,"column":46}},"42":{"start":{"line":131,"column":2},"end":{"line":131,"column":41}},"43":{"start":{"line":132,"column":2},"end":{"line":132,"column":64}},"44":{"start":{"line":133,"column":2},"end":{"line":133,"column":64}},"45":{"start":{"line":134,"column":2},"end":{"line":134,"column":64}},"46":{"start":{"line":136,"column":2},"end":{"line":144,"column":5}},"47":{"start":{"line":147,"column":0},"end":{"line":147,"column":24}}},"branchMap":{"1":{"line":19,"type":"cond-expr","locations":[{"start":{"line":19,"column":70},"end":{"line":19,"column":73}},{"start":{"line":19,"column":76},"end":{"line":19,"column":92}}]},"2":{"line":19,"type":"binary-expr","locations":[{"start":{"line":19,"column":46},"end":{"line":19,"column":49}},{"start":{"line":19,"column":53},"end":{"line":19,"column":67}}]},"3":{"line":38,"type":"if","locations":[{"start":{"line":38,"column":2},"end":{"line":38,"column":2}},{"start":{"line":38,"column":2},"end":{"line":38,"column":2}}]},"4":{"line":38,"type":"binary-expr","locations":[{"start":{"line":38,"column":6},"end":{"line":38,"column":12}},{"start":{"line":38,"column":16},"end":{"line":38,"column":25}}]},"5":{"line":47,"type":"if","locations":[{"start":{"line":47,"column":4},"end":{"line":47,"column":4}},{"start":{"line":47,"column":4},"end":{"line":47,"column":4}}]},"6":{"line":74,"type":"if","locations":[{"start":{"line":74,"column":2},"end":{"line":74,"column":2}},{"start":{"line":74,"column":2},"end":{"line":74,"column":2}}]},"7":{"line":74,"type":"binary-expr","locations":[{"start":{"line":74,"column":6},"end":{"line":74,"column":16}},{"start":{"line":74,"column":20},"end":{"line":74,"column":29}},{"start":{"line":74,"column":33},"end":{"line":74,"column":39}},{"start":{"line":74,"column":43},"end":{"line":74,"column":52}}]},"8":{"line":83,"type":"if","locations":[{"start":{"line":83,"column":4},"end":{"line":83,"column":4}},{"start":{"line":83,"column":4},"end":{"line":83,"column":4}}]}}},"C:\\xampp\\htdocs\\sendIT-rest-api\\build\\middleware\\user.js":{"path":"C:\\xampp\\htdocs\\sendIT-rest-api\\build\\middleware\\user.js","s":{"1":1,"2":1,"3":1,"4":1,"5":1,"6":15,"7":6,"8":9,"9":9,"10":9,"11":9,"12":0,"13":9,"14":1},"b":{"1":[1,0],"2":[1,1],"3":[6,9],"4":[15,9],"5":[0,9]},"f":{"1":1,"2":15},"fnMap":{"1":{"name":"_interopRequireDefault","line":7,"loc":{"start":{"line":7,"column":0},"end":{"line":7,"column":37}}},"2":{"name":"checkAuth","line":12,"loc":{"start":{"line":12,"column":16},"end":{"line":12,"column":60}}}},"statementMap":{"1":{"start":{"line":3,"column":0},"end":{"line":3,"column":38}},"2":{"start":{"line":5,"column":0},"end":{"line":5,"column":43}},"3":{"start":{"line":7,"column":0},"end":{"line":7,"column":95}},"4":{"start":{"line":7,"column":39},"end":{"line":7,"column":93}},"5":{"start":{"line":12,"column":0},"end":{"line":35,"column":2}},"6":{"start":{"line":13,"column":2},"end":{"line":34,"column":3}},"7":{"start":{"line":14,"column":4},"end":{"line":17,"column":7}},"8":{"start":{"line":20,"column":4},"end":{"line":20,"column":62}},"9":{"start":{"line":23,"column":4},"end":{"line":23,"column":36}},"10":{"start":{"line":24,"column":4},"end":{"line":24,"column":50}},"11":{"start":{"line":26,"column":4},"end":{"line":33,"column":5}},"12":{"start":{"line":27,"column":6},"end":{"line":30,"column":9}},"13":{"start":{"line":32,"column":6},"end":{"line":32,"column":13}},"14":{"start":{"line":38,"column":0},"end":{"line":38,"column":27}}},"branchMap":{"1":{"line":7,"type":"cond-expr","locations":[{"start":{"line":7,"column":70},"end":{"line":7,"column":73}},{"start":{"line":7,"column":76},"end":{"line":7,"column":92}}]},"2":{"line":7,"type":"binary-expr","locations":[{"start":{"line":7,"column":46},"end":{"line":7,"column":49}},{"start":{"line":7,"column":53},"end":{"line":7,"column":67}}]},"3":{"line":13,"type":"if","locations":[{"start":{"line":13,"column":2},"end":{"line":13,"column":2}},{"start":{"line":13,"column":2},"end":{"line":13,"column":2}}]},"4":{"line":13,"type":"binary-expr","locations":[{"start":{"line":13,"column":6},"end":{"line":13,"column":36}},{"start":{"line":13,"column":40},"end":{"line":13,"column":95}}]},"5":{"line":26,"type":"if","locations":[{"start":{"line":26,"column":4},"end":{"line":26,"column":4}},{"start":{"line":26,"column":4},"end":{"line":26,"column":4}}]}}},"C:\\xampp\\htdocs\\sendIT-rest-api\\build\\routes\\parcel.js":{"path":"C:\\xampp\\htdocs\\sendIT-rest-api\\build\\routes\\parcel.js","s":{"1":1,"2":1,"3":1,"4":1,"5":1,"6":1,"7":1,"8":1,"9":1,"10":4,"11":1,"12":1,"13":1,"14":1,"15":1,"16":1,"17":1,"18":1,"19":1,"20":1,"21":1,"22":1,"23":0,"24":0,"25":0,"26":1,"27":2,"28":2,"29":2,"30":2,"31":1,"32":1,"33":1,"34":2,"35":2,"36":2,"37":2,"38":2,"39":2,"40":2,"41":2,"42":0,"43":1,"44":1,"45":1,"46":1,"47":1,"48":1,"49":1,"50":1,"51":0,"52":1},"b":{"1":[2,2],"2":[4,4],"3":[1,0],"4":[1,0,0,0,0],"5":[1,1],"6":[2,0],"7":[1,0]},"f":{"1":4,"2":1,"3":1,"4":2,"5":2,"6":1},"fnMap":{"1":{"name":"_interopRequireDefault","line":19,"loc":{"start":{"line":19,"column":0},"end":{"line":19,"column":37}}},"2":{"name":"(anonymous_2)","line":30,"loc":{"start":{"line":30,"column":32},"end":{"line":30,"column":61}}},"3":{"name":"(anonymous_3)","line":44,"loc":{"start":{"line":44,"column":33},"end":{"line":44,"column":62}}},"4":{"name":"(anonymous_4)","line":80,"loc":{"start":{"line":80,"column":40},"end":{"line":80,"column":69}}},"5":{"name":"(anonymous_5)","line":104,"loc":{"start":{"line":104,"column":53},"end":{"line":104,"column":82}}},"6":{"name":"(anonymous_6)","line":136,"loc":{"start":{"line":136,"column":48},"end":{"line":136,"column":77}}}},"statementMap":{"1":{"start":{"line":3,"column":0},"end":{"line":3,"column":34}},"2":{"start":{"line":5,"column":0},"end":{"line":5,"column":49}},"3":{"start":{"line":7,"column":0},"end":{"line":7,"column":42}},"4":{"start":{"line":9,"column":0},"end":{"line":9,"column":47}},"5":{"start":{"line":11,"column":0},"end":{"line":11,"column":38}},"6":{"start":{"line":13,"column":0},"end":{"line":13,"column":43}},"7":{"start":{"line":15,"column":0},"end":{"line":15,"column":43}},"8":{"start":{"line":17,"column":0},"end":{"line":17,"column":44}},"9":{"start":{"line":19,"column":0},"end":{"line":19,"column":95}},"10":{"start":{"line":19,"column":39},"end":{"line":19,"column":93}},"11":{"start":{"line":21,"column":0},"end":{"line":21,"column":40}},"12":{"start":{"line":30,"column":0},"end":{"line":38,"column":3}},"13":{"start":{"line":31,"column":2},"end":{"line":31,"column":38}},"14":{"start":{"line":32,"column":2},"end":{"line":32,"column":40}},"15":{"start":{"line":34,"column":2},"end":{"line":37,"column":5}},"16":{"start":{"line":44,"column":0},"end":{"line":74,"column":3}},"17":{"start":{"line":46,"column":2},"end":{"line":51,"column":36}},"18":{"start":{"line":55,"column":2},"end":{"line":55,"column":60}},"19":{"start":{"line":57,"column":2},"end":{"line":57,"column":34}},"20":{"start":{"line":58,"column":2},"end":{"line":58,"column":46}},"21":{"start":{"line":60,"column":2},"end":{"line":73,"column":3}},"22":{"start":{"line":61,"column":4},"end":{"line":64,"column":7}},"23":{"start":{"line":66,"column":4},"end":{"line":66,"column":40}},"24":{"start":{"line":67,"column":4},"end":{"line":67,"column":113}},"25":{"start":{"line":69,"column":4},"end":{"line":72,"column":7}},"26":{"start":{"line":80,"column":0},"end":{"line":98,"column":3}},"27":{"start":{"line":81,"column":2},"end":{"line":81,"column":39}},"28":{"start":{"line":84,"column":2},"end":{"line":84,"column":38}},"29":{"start":{"line":85,"column":2},"end":{"line":85,"column":48}},"30":{"start":{"line":87,"column":2},"end":{"line":97,"column":3}},"31":{"start":{"line":88,"column":4},"end":{"line":91,"column":7}},"32":{"start":{"line":93,"column":4},"end":{"line":96,"column":7}},"33":{"start":{"line":104,"column":0},"end":{"line":130,"column":3}},"34":{"start":{"line":105,"column":2},"end":{"line":105,"column":41}},"35":{"start":{"line":106,"column":2},"end":{"line":106,"column":45}},"36":{"start":{"line":109,"column":2},"end":{"line":109,"column":34}},"37":{"start":{"line":112,"column":2},"end":{"line":112,"column":60}},"38":{"start":{"line":115,"column":2},"end":{"line":115,"column":46}},"39":{"start":{"line":117,"column":2},"end":{"line":117,"column":82}},"40":{"start":{"line":119,"column":2},"end":{"line":129,"column":3}},"41":{"start":{"line":120,"column":4},"end":{"line":123,"column":7}},"42":{"start":{"line":125,"column":4},"end":{"line":128,"column":7}},"43":{"start":{"line":136,"column":0},"end":{"line":161,"column":3}},"44":{"start":{"line":137,"column":2},"end":{"line":137,"column":41}},"45":{"start":{"line":140,"column":2},"end":{"line":140,"column":34}},"46":{"start":{"line":143,"column":2},"end":{"line":143,"column":60}},"47":{"start":{"line":146,"column":2},"end":{"line":146,"column":46}},"48":{"start":{"line":148,"column":2},"end":{"line":148,"column":51}},"49":{"start":{"line":150,"column":2},"end":{"line":160,"column":3}},"50":{"start":{"line":151,"column":4},"end":{"line":154,"column":7}},"51":{"start":{"line":156,"column":4},"end":{"line":159,"column":7}},"52":{"start":{"line":163,"column":0},"end":{"line":163,"column":24}}},"branchMap":{"1":{"line":19,"type":"cond-expr","locations":[{"start":{"line":19,"column":70},"end":{"line":19,"column":73}},{"start":{"line":19,"column":76},"end":{"line":19,"column":92}}]},"2":{"line":19,"type":"binary-expr","locations":[{"start":{"line":19,"column":46},"end":{"line":19,"column":49}},{"start":{"line":19,"column":53},"end":{"line":19,"column":67}}]},"3":{"line":60,"type":"if","locations":[{"start":{"line":60,"column":2},"end":{"line":60,"column":2}},{"start":{"line":60,"column":2},"end":{"line":60,"column":2}}]},"4":{"line":60,"type":"binary-expr","locations":[{"start":{"line":60,"column":6},"end":{"line":60,"column":17}},{"start":{"line":60,"column":21},"end":{"line":60,"column":33}},{"start":{"line":60,"column":37},"end":{"line":60,"column":52}},{"start":{"line":60,"column":56},"end":{"line":60,"column":68}},{"start":{"line":60,"column":72},"end":{"line":60,"column":79}}]},"5":{"line":87,"type":"if","locations":[{"start":{"line":87,"column":2},"end":{"line":87,"column":2}},{"start":{"line":87,"column":2},"end":{"line":87,"column":2}}]},"6":{"line":119,"type":"if","locations":[{"start":{"line":119,"column":2},"end":{"line":119,"column":2}},{"start":{"line":119,"column":2},"end":{"line":119,"column":2}}]},"7":{"line":150,"type":"if","locations":[{"start":{"line":150,"column":2},"end":{"line":150,"column":2}},{"start":{"line":150,"column":2},"end":{"line":150,"column":2}}]}}},"C:\\xampp\\htdocs\\sendIT-rest-api\\build\\routes\\admin.js":{"path":"C:\\xampp\\htdocs\\sendIT-rest-api\\build\\routes\\admin.js","s":{"1":1,"2":1,"3":1,"4":1,"5":1,"6":1,"7":1,"8":3,"9":1,"10":1,"11":3,"12":3,"13":1,"14":2,"15":2,"16":2,"17":1,"18":1,"19":1,"20":2,"21":2,"22":2,"23":2,"24":2,"25":2,"26":0,"27":1,"28":1,"29":1,"30":1,"31":1,"32":1,"33":1,"34":1,"35":1,"36":1,"37":1},"b":{"1":[1,2],"2":[3,3],"3":[1,2],"4":[3,2],"5":[1,1],"6":[2,0]},"f":{"1":3,"2":3,"3":2,"4":1},"fnMap":{"1":{"name":"_interopRequireDefault","line":15,"loc":{"start":{"line":15,"column":0},"end":{"line":15,"column":37}}},"2":{"name":"(anonymous_2)","line":24,"loc":{"start":{"line":24,"column":23},"end":{"line":24,"column":52}}},"3":{"name":"(anonymous_3)","line":58,"loc":{"start":{"line":58,"column":55},"end":{"line":58,"column":84}}},"4":{"name":"(anonymous_4)","line":89,"loc":{"start":{"line":89,"column":46},"end":{"line":89,"column":75}}}},"statementMap":{"1":{"start":{"line":3,"column":0},"end":{"line":3,"column":34}},"2":{"start":{"line":5,"column":0},"end":{"line":5,"column":49}},"3":{"start":{"line":7,"column":0},"end":{"line":7,"column":40}},"4":{"start":{"line":9,"column":0},"end":{"line":9,"column":45}},"5":{"start":{"line":11,"column":0},"end":{"line":11,"column":45}},"6":{"start":{"line":13,"column":0},"end":{"line":13,"column":46}},"7":{"start":{"line":15,"column":0},"end":{"line":15,"column":95}},"8":{"start":{"line":15,"column":39},"end":{"line":15,"column":93}},"9":{"start":{"line":18,"column":0},"end":{"line":18,"column":40}},"10":{"start":{"line":24,"column":0},"end":{"line":52,"column":3}},"11":{"start":{"line":26,"column":2},"end":{"line":28,"column":40}},"12":{"start":{"line":31,"column":2},"end":{"line":51,"column":3}},"13":{"start":{"line":32,"column":4},"end":{"line":35,"column":7}},"14":{"start":{"line":37,"column":4},"end":{"line":37,"column":38}},"15":{"start":{"line":38,"column":4},"end":{"line":38,"column":52}},"16":{"start":{"line":40,"column":4},"end":{"line":50,"column":5}},"17":{"start":{"line":41,"column":6},"end":{"line":44,"column":9}},"18":{"start":{"line":46,"column":6},"end":{"line":49,"column":9}},"19":{"start":{"line":58,"column":0},"end":{"line":82,"column":3}},"20":{"start":{"line":59,"column":2},"end":{"line":59,"column":41}},"21":{"start":{"line":63,"column":2},"end":{"line":65,"column":37}},"22":{"start":{"line":68,"column":2},"end":{"line":68,"column":36}},"23":{"start":{"line":69,"column":2},"end":{"line":69,"column":100}},"24":{"start":{"line":71,"column":2},"end":{"line":81,"column":3}},"25":{"start":{"line":72,"column":4},"end":{"line":75,"column":7}},"26":{"start":{"line":77,"column":4},"end":{"line":80,"column":7}},"27":{"start":{"line":89,"column":0},"end":{"line":109,"column":3}},"28":{"start":{"line":90,"column":2},"end":{"line":90,"column":30}},"29":{"start":{"line":91,"column":2},"end":{"line":91,"column":31}},"30":{"start":{"line":92,"column":2},"end":{"line":92,"column":30}},"31":{"start":{"line":94,"column":2},"end":{"line":94,"column":36}},"32":{"start":{"line":95,"column":2},"end":{"line":95,"column":36}},"33":{"start":{"line":96,"column":2},"end":{"line":96,"column":57}},"34":{"start":{"line":97,"column":2},"end":{"line":97,"column":57}},"35":{"start":{"line":98,"column":2},"end":{"line":98,"column":57}},"36":{"start":{"line":100,"column":2},"end":{"line":108,"column":5}},"37":{"start":{"line":111,"column":0},"end":{"line":111,"column":24}}},"branchMap":{"1":{"line":15,"type":"cond-expr","locations":[{"start":{"line":15,"column":70},"end":{"line":15,"column":73}},{"start":{"line":15,"column":76},"end":{"line":15,"column":92}}]},"2":{"line":15,"type":"binary-expr","locations":[{"start":{"line":15,"column":46},"end":{"line":15,"column":49}},{"start":{"line":15,"column":53},"end":{"line":15,"column":67}}]},"3":{"line":31,"type":"if","locations":[{"start":{"line":31,"column":2},"end":{"line":31,"column":2}},{"start":{"line":31,"column":2},"end":{"line":31,"column":2}}]},"4":{"line":31,"type":"binary-expr","locations":[{"start":{"line":31,"column":6},"end":{"line":31,"column":12}},{"start":{"line":31,"column":16},"end":{"line":31,"column":25}}]},"5":{"line":40,"type":"if","locations":[{"start":{"line":40,"column":4},"end":{"line":40,"column":4}},{"start":{"line":40,"column":4},"end":{"line":40,"column":4}}]},"6":{"line":71,"type":"if","locations":[{"start":{"line":71,"column":2},"end":{"line":71,"column":2}},{"start":{"line":71,"column":2},"end":{"line":71,"column":2}}]}}},"C:\\xampp\\htdocs\\sendIT-rest-api\\build\\middleware\\admin.js":{"path":"C:\\xampp\\htdocs\\sendIT-rest-api\\build\\middleware\\admin.js","s":{"1":1,"2":1,"3":1,"4":1,"5":1,"6":5,"7":2,"8":3,"9":3,"10":3,"11":3,"12":0,"13":3,"14":1},"b":{"1":[1,0],"2":[1,1],"3":[2,3],"4":[5,3],"5":[0,3]},"f":{"1":1,"2":5},"fnMap":{"1":{"name":"_interopRequireDefault","line":7,"loc":{"start":{"line":7,"column":0},"end":{"line":7,"column":37}}},"2":{"name":"checkAuthAdmin","line":12,"loc":{"start":{"line":12,"column":21},"end":{"line":12,"column":70}}}},"statementMap":{"1":{"start":{"line":3,"column":0},"end":{"line":3,"column":40}},"2":{"start":{"line":5,"column":0},"end":{"line":5,"column":45}},"3":{"start":{"line":7,"column":0},"end":{"line":7,"column":95}},"4":{"start":{"line":7,"column":39},"end":{"line":7,"column":93}},"5":{"start":{"line":12,"column":0},"end":{"line":35,"column":2}},"6":{"start":{"line":13,"column":2},"end":{"line":34,"column":3}},"7":{"start":{"line":14,"column":4},"end":{"line":17,"column":7}},"8":{"start":{"line":20,"column":4},"end":{"line":20,"column":62}},"9":{"start":{"line":23,"column":4},"end":{"line":23,"column":38}},"10":{"start":{"line":24,"column":4},"end":{"line":24,"column":51}},"11":{"start":{"line":26,"column":4},"end":{"line":33,"column":5}},"12":{"start":{"line":27,"column":6},"end":{"line":30,"column":9}},"13":{"start":{"line":32,"column":6},"end":{"line":32,"column":13}},"14":{"start":{"line":38,"column":0},"end":{"line":38,"column":32}}},"branchMap":{"1":{"line":7,"type":"cond-expr","locations":[{"start":{"line":7,"column":70},"end":{"line":7,"column":73}},{"start":{"line":7,"column":76},"end":{"line":7,"column":92}}]},"2":{"line":7,"type":"binary-expr","locations":[{"start":{"line":7,"column":46},"end":{"line":7,"column":49}},{"start":{"line":7,"column":53},"end":{"line":7,"column":67}}]},"3":{"line":13,"type":"if","locations":[{"start":{"line":13,"column":2},"end":{"line":13,"column":2}},{"start":{"line":13,"column":2},"end":{"line":13,"column":2}}]},"4":{"line":13,"type":"binary-expr","locations":[{"start":{"line":13,"column":6},"end":{"line":13,"column":36}},{"start":{"line":13,"column":40},"end":{"line":13,"column":95}}]},"5":{"line":26,"type":"if","locations":[{"start":{"line":26,"column":4},"end":{"line":26,"column":4}},{"start":{"line":26,"column":4},"end":{"line":26,"column":4}}]}}}}