{"C:\\xampp\\htdocs\\sendIT-rest-api\\build\\app.js":{"path":"C:\\xampp\\htdocs\\sendIT-rest-api\\build\\app.js","s":{"1":1,"2":1,"3":1,"4":1,"5":1,"6":1,"7":1,"8":1,"9":1,"10":1,"11":1,"12":1,"13":1,"14":6,"15":1,"16":1,"17":1,"18":1,"19":1,"20":1,"21":3,"22":3,"23":3,"24":0,"25":0,"26":3,"27":1,"28":1,"29":1,"30":1,"31":0,"32":0,"33":0,"34":1,"35":0,"36":0,"37":1},"b":{"1":[0,6],"2":[6,6],"3":[0,3],"4":[0,0]},"f":{"1":6,"2":3,"3":0,"4":0},"fnMap":{"1":{"name":"_interopRequireDefault","line":27,"loc":{"start":{"line":27,"column":0},"end":{"line":27,"column":37}}},"2":{"name":"(anonymous_2)","line":42,"loc":{"start":{"line":42,"column":8},"end":{"line":42,"column":43}}},"3":{"name":"(anonymous_3)","line":63,"loc":{"start":{"line":63,"column":8},"end":{"line":63,"column":43}}},"4":{"name":"(anonymous_4)","line":70,"loc":{"start":{"line":70,"column":8},"end":{"line":70,"column":50}}}},"statementMap":{"1":{"start":{"line":3,"column":0},"end":{"line":3,"column":34}},"2":{"start":{"line":5,"column":0},"end":{"line":5,"column":49}},"3":{"start":{"line":7,"column":0},"end":{"line":7,"column":32}},"4":{"start":{"line":9,"column":0},"end":{"line":9,"column":47}},"5":{"start":{"line":11,"column":0},"end":{"line":11,"column":41}},"6":{"start":{"line":13,"column":0},"end":{"line":13,"column":55}},"7":{"start":{"line":15,"column":0},"end":{"line":15,"column":41}},"8":{"start":{"line":17,"column":0},"end":{"line":17,"column":47}},"9":{"start":{"line":19,"column":0},"end":{"line":19,"column":37}},"10":{"start":{"line":21,"column":0},"end":{"line":21,"column":43}},"11":{"start":{"line":23,"column":0},"end":{"line":23,"column":39}},"12":{"start":{"line":25,"column":0},"end":{"line":25,"column":45}},"13":{"start":{"line":27,"column":0},"end":{"line":27,"column":95}},"14":{"start":{"line":27,"column":39},"end":{"line":27,"column":93}},"15":{"start":{"line":29,"column":0},"end":{"line":29,"column":35}},"16":{"start":{"line":30,"column":0},"end":{"line":30,"column":27}},"17":{"start":{"line":33,"column":0},"end":{"line":33,"column":38}},"18":{"start":{"line":36,"column":0},"end":{"line":38,"column":4}},"19":{"start":{"line":39,"column":0},"end":{"line":39,"column":37}},"20":{"start":{"line":42,"column":0},"end":{"line":51,"column":3}},"21":{"start":{"line":43,"column":2},"end":{"line":43,"column":54}},"22":{"start":{"line":44,"column":2},"end":{"line":44,"column":115}},"23":{"start":{"line":46,"column":2},"end":{"line":49,"column":3}},"24":{"start":{"line":47,"column":4},"end":{"line":47,"column":85}},"25":{"start":{"line":48,"column":4},"end":{"line":48,"column":34}},"26":{"start":{"line":50,"column":2},"end":{"line":50,"column":9}},"27":{"start":{"line":54,"column":0},"end":{"line":54,"column":51}},"28":{"start":{"line":57,"column":0},"end":{"line":57,"column":46}},"29":{"start":{"line":60,"column":0},"end":{"line":60,"column":48}},"30":{"start":{"line":63,"column":0},"end":{"line":67,"column":3}},"31":{"start":{"line":64,"column":2},"end":{"line":64,"column":46}},"32":{"start":{"line":65,"column":2},"end":{"line":65,"column":21}},"33":{"start":{"line":66,"column":2},"end":{"line":66,"column":14}},"34":{"start":{"line":70,"column":0},"end":{"line":77,"column":3}},"35":{"start":{"line":71,"column":2},"end":{"line":71,"column":39}},"36":{"start":{"line":72,"column":2},"end":{"line":76,"column":5}},"37":{"start":{"line":79,"column":0},"end":{"line":79,"column":21}}},"branchMap":{"1":{"line":27,"type":"cond-expr","locations":[{"start":{"line":27,"column":70},"end":{"line":27,"column":73}},{"start":{"line":27,"column":76},"end":{"line":27,"column":92}}]},"2":{"line":27,"type":"binary-expr","locations":[{"start":{"line":27,"column":46},"end":{"line":27,"column":49}},{"start":{"line":27,"column":53},"end":{"line":27,"column":67}}]},"3":{"line":46,"type":"if","locations":[{"start":{"line":46,"column":2},"end":{"line":46,"column":2}},{"start":{"line":46,"column":2},"end":{"line":46,"column":2}}]},"4":{"line":71,"type":"binary-expr","locations":[{"start":{"line":71,"column":18},"end":{"line":71,"column":30}},{"start":{"line":71,"column":34},"end":{"line":71,"column":37}}]}}},"C:\\xampp\\htdocs\\sendIT-rest-api\\build\\routes\\parcel.js":{"path":"C:\\xampp\\htdocs\\sendIT-rest-api\\build\\routes\\parcel.js","s":{"1":1,"2":1,"3":1,"4":1,"5":1,"6":1,"7":1,"8":1,"9":0,"10":1,"11":0,"12":0,"13":1},"b":{"1":[0,1],"2":[1,1]},"f":{"1":1,"2":1,"3":0,"4":0},"fnMap":{"1":{"name":"_interopRequireDefault","line":7,"loc":{"start":{"line":7,"column":0},"end":{"line":7,"column":37}}},"2":{"name":"(anonymous_2)","line":15,"loc":{"start":{"line":15,"column":16},"end":{"line":15,"column":51}}},"3":{"name":"(anonymous_3)","line":25,"loc":{"start":{"line":25,"column":17},"end":{"line":25,"column":52}}},"4":{"name":"(anonymous_4)","line":35,"loc":{"start":{"line":35,"column":25},"end":{"line":35,"column":60}}}},"statementMap":{"1":{"start":{"line":3,"column":0},"end":{"line":3,"column":34}},"2":{"start":{"line":5,"column":0},"end":{"line":5,"column":49}},"3":{"start":{"line":7,"column":0},"end":{"line":7,"column":95}},"4":{"start":{"line":7,"column":39},"end":{"line":7,"column":93}},"5":{"start":{"line":9,"column":0},"end":{"line":9,"column":40}},"6":{"start":{"line":15,"column":0},"end":{"line":19,"column":3}},"7":{"start":{"line":16,"column":2},"end":{"line":18,"column":5}},"8":{"start":{"line":25,"column":0},"end":{"line":29,"column":3}},"9":{"start":{"line":26,"column":2},"end":{"line":28,"column":5}},"10":{"start":{"line":35,"column":0},"end":{"line":42,"column":3}},"11":{"start":{"line":36,"column":2},"end":{"line":36,"column":41}},"12":{"start":{"line":38,"column":2},"end":{"line":41,"column":5}},"13":{"start":{"line":44,"column":0},"end":{"line":44,"column":24}}},"branchMap":{"1":{"line":7,"type":"cond-expr","locations":[{"start":{"line":7,"column":70},"end":{"line":7,"column":73}},{"start":{"line":7,"column":76},"end":{"line":7,"column":92}}]},"2":{"line":7,"type":"binary-expr","locations":[{"start":{"line":7,"column":46},"end":{"line":7,"column":49}},{"start":{"line":7,"column":53},"end":{"line":7,"column":67}}]}}},"C:\\xampp\\htdocs\\sendIT-rest-api\\build\\routes\\user.js":{"path":"C:\\xampp\\htdocs\\sendIT-rest-api\\build\\routes\\user.js","s":{"1":1,"2":1,"3":1,"4":1,"5":1,"6":2,"7":1,"8":1,"9":0,"10":0,"11":0,"12":0,"13":0,"14":0,"15":0,"16":0,"17":1,"18":1,"19":1,"20":1,"21":0,"22":0,"23":0,"24":0,"25":0,"26":1},"b":{"1":[1,1],"2":[2,2],"3":[0,0],"4":[0,0],"5":[0,0],"6":[1,0],"7":[1,0,0,0],"8":[0,0]},"f":{"1":2,"2":0,"3":1},"fnMap":{"1":{"name":"_interopRequireDefault","line":11,"loc":{"start":{"line":11,"column":0},"end":{"line":11,"column":37}}},"2":{"name":"(anonymous_2)","line":22,"loc":{"start":{"line":22,"column":23},"end":{"line":22,"column":52}}},"3":{"name":"(anonymous_3)","line":56,"loc":{"start":{"line":56,"column":23},"end":{"line":56,"column":52}}}},"statementMap":{"1":{"start":{"line":3,"column":0},"end":{"line":3,"column":34}},"2":{"start":{"line":5,"column":0},"end":{"line":5,"column":49}},"3":{"start":{"line":7,"column":0},"end":{"line":7,"column":38}},"4":{"start":{"line":9,"column":0},"end":{"line":9,"column":43}},"5":{"start":{"line":11,"column":0},"end":{"line":11,"column":95}},"6":{"start":{"line":11,"column":39},"end":{"line":11,"column":93}},"7":{"start":{"line":13,"column":0},"end":{"line":13,"column":40}},"8":{"start":{"line":22,"column":0},"end":{"line":50,"column":3}},"9":{"start":{"line":24,"column":2},"end":{"line":26,"column":40}},"10":{"start":{"line":29,"column":2},"end":{"line":49,"column":3}},"11":{"start":{"line":30,"column":4},"end":{"line":33,"column":7}},"12":{"start":{"line":35,"column":4},"end":{"line":35,"column":36}},"13":{"start":{"line":36,"column":4},"end":{"line":36,"column":49}},"14":{"start":{"line":38,"column":4},"end":{"line":48,"column":5}},"15":{"start":{"line":39,"column":6},"end":{"line":42,"column":9}},"16":{"start":{"line":44,"column":6},"end":{"line":47,"column":9}},"17":{"start":{"line":56,"column":0},"end":{"line":85,"column":3}},"18":{"start":{"line":57,"column":2},"end":{"line":61,"column":41}},"19":{"start":{"line":64,"column":2},"end":{"line":84,"column":3}},"20":{"start":{"line":65,"column":4},"end":{"line":68,"column":7}},"21":{"start":{"line":70,"column":4},"end":{"line":70,"column":36}},"22":{"start":{"line":71,"column":4},"end":{"line":71,"column":71}},"23":{"start":{"line":73,"column":4},"end":{"line":83,"column":5}},"24":{"start":{"line":74,"column":6},"end":{"line":77,"column":9}},"25":{"start":{"line":79,"column":6},"end":{"line":82,"column":9}},"26":{"start":{"line":87,"column":0},"end":{"line":87,"column":24}}},"branchMap":{"1":{"line":11,"type":"cond-expr","locations":[{"start":{"line":11,"column":70},"end":{"line":11,"column":73}},{"start":{"line":11,"column":76},"end":{"line":11,"column":92}}]},"2":{"line":11,"type":"binary-expr","locations":[{"start":{"line":11,"column":46},"end":{"line":11,"column":49}},{"start":{"line":11,"column":53},"end":{"line":11,"column":67}}]},"3":{"line":29,"type":"if","locations":[{"start":{"line":29,"column":2},"end":{"line":29,"column":2}},{"start":{"line":29,"column":2},"end":{"line":29,"column":2}}]},"4":{"line":29,"type":"binary-expr","locations":[{"start":{"line":29,"column":6},"end":{"line":29,"column":12}},{"start":{"line":29,"column":16},"end":{"line":29,"column":25}}]},"5":{"line":38,"type":"if","locations":[{"start":{"line":38,"column":4},"end":{"line":38,"column":4}},{"start":{"line":38,"column":4},"end":{"line":38,"column":4}}]},"6":{"line":64,"type":"if","locations":[{"start":{"line":64,"column":2},"end":{"line":64,"column":2}},{"start":{"line":64,"column":2},"end":{"line":64,"column":2}}]},"7":{"line":64,"type":"binary-expr","locations":[{"start":{"line":64,"column":6},"end":{"line":64,"column":16}},{"start":{"line":64,"column":20},"end":{"line":64,"column":29}},{"start":{"line":64,"column":33},"end":{"line":64,"column":39}},{"start":{"line":64,"column":43},"end":{"line":64,"column":52}}]},"8":{"line":73,"type":"if","locations":[{"start":{"line":73,"column":4},"end":{"line":73,"column":4}},{"start":{"line":73,"column":4},"end":{"line":73,"column":4}}]}}},"C:\\xampp\\htdocs\\sendIT-rest-api\\build\\models\\user.js":{"path":"C:\\xampp\\htdocs\\sendIT-rest-api\\build\\models\\user.js","s":{"1":1,"2":1,"3":1,"4":1,"5":6,"6":6,"7":6,"8":6,"9":6,"10":6,"11":1,"12":1,"13":1,"14":1,"15":0,"16":1,"17":1,"18":1,"19":1,"20":1,"21":1,"22":1,"23":1,"24":3,"25":1,"26":0,"27":0,"28":1,"29":1,"30":1,"31":0,"32":0,"33":0,"34":0,"35":0,"36":0,"37":0,"38":1,"39":0,"40":0,"41":0,"42":0,"43":0,"44":0,"45":0,"46":0,"47":0,"48":0,"49":0,"50":0,"51":0,"52":0,"53":0,"54":0,"55":0,"56":0,"57":0,"58":0,"59":0,"60":0,"61":0,"62":0,"63":0,"64":0,"65":0,"66":0,"67":0,"68":0,"69":0,"70":0,"71":0,"72":0,"73":0,"74":1,"75":1},"b":{"1":[6,6],"2":[6,0],"3":[1,0],"4":[0,1],"5":[1,2],"6":[3,3],"7":[0,0],"8":[0,0],"9":[0,0],"10":[0,0],"11":[0,0]},"f":{"1":1,"2":1,"3":1,"4":3,"5":0,"6":1,"7":0,"8":0,"9":0,"10":0,"11":0,"12":0,"13":0,"14":0,"15":0,"16":0},"fnMap":{"1":{"name":"(anonymous_1)","line":7,"loc":{"start":{"line":7,"column":19},"end":{"line":7,"column":31}}},"2":{"name":"defineProperties","line":7,"loc":{"start":{"line":7,"column":33},"end":{"line":7,"column":74}}},"3":{"name":"(anonymous_3)","line":7,"loc":{"start":{"line":7,"column":357},"end":{"line":7,"column":405}}},"4":{"name":"_interopRequireDefault","line":21,"loc":{"start":{"line":21,"column":0},"end":{"line":21,"column":37}}},"5":{"name":"_classCallCheck","line":23,"loc":{"start":{"line":23,"column":0},"end":{"line":23,"column":48}}},"6":{"name":"(anonymous_6)","line":27,"loc":{"start":{"line":27,"column":11},"end":{"line":27,"column":23}}},"7":{"name":"User","line":28,"loc":{"start":{"line":28,"column":2},"end":{"line":28,"column":54}}},"8":{"name":"createUser","line":53,"loc":{"start":{"line":53,"column":11},"end":{"line":53,"column":69}}},"9":{"name":"(anonymous_9)","line":68,"loc":{"start":{"line":68,"column":38},"end":{"line":68,"column":54}}},"10":{"name":"getUser","line":93,"loc":{"start":{"line":93,"column":11},"end":{"line":93,"column":45}}},"11":{"name":"(anonymous_11)","line":101,"loc":{"start":{"line":101,"column":23},"end":{"line":101,"column":39}}},"12":{"name":"getUserIdByEmail","line":118,"loc":{"start":{"line":118,"column":11},"end":{"line":118,"column":44}}},"13":{"name":"(anonymous_13)","line":125,"loc":{"start":{"line":125,"column":23},"end":{"line":125,"column":39}}},"14":{"name":"setUserId","line":140,"loc":{"start":{"line":140,"column":11},"end":{"line":140,"column":32}}},"15":{"name":"getUserId","line":151,"loc":{"start":{"line":151,"column":11},"end":{"line":151,"column":32}}},"16":{"name":"getEncryptedToken","line":156,"loc":{"start":{"line":156,"column":11},"end":{"line":156,"column":45}}}},"statementMap":{"1":{"start":{"line":3,"column":0},"end":{"line":5,"column":3}},"2":{"start":{"line":7,"column":0},"end":{"line":7,"column":564}},"3":{"start":{"line":7,"column":33},"end":{"line":7,"column":349}},"4":{"start":{"line":7,"column":76},"end":{"line":7,"column":347}},"5":{"start":{"line":7,"column":117},"end":{"line":7,"column":143}},"6":{"start":{"line":7,"column":144},"end":{"line":7,"column":199}},"7":{"start":{"line":7,"column":200},"end":{"line":7,"column":231}},"8":{"start":{"line":7,"column":232},"end":{"line":7,"column":286}},"9":{"start":{"line":7,"column":259},"end":{"line":7,"column":286}},"10":{"start":{"line":7,"column":287},"end":{"line":7,"column":345}},"11":{"start":{"line":7,"column":350},"end":{"line":7,"column":559}},"12":{"start":{"line":7,"column":407},"end":{"line":7,"column":475}},"13":{"start":{"line":7,"column":423},"end":{"line":7,"column":475}},"14":{"start":{"line":7,"column":476},"end":{"line":7,"column":536}},"15":{"start":{"line":7,"column":493},"end":{"line":7,"column":536}},"16":{"start":{"line":7,"column":537},"end":{"line":7,"column":556}},"17":{"start":{"line":9,"column":0},"end":{"line":9,"column":32}},"18":{"start":{"line":11,"column":0},"end":{"line":11,"column":47}},"19":{"start":{"line":13,"column":0},"end":{"line":13,"column":28}},"20":{"start":{"line":15,"column":0},"end":{"line":15,"column":43}},"21":{"start":{"line":17,"column":0},"end":{"line":17,"column":28}},"22":{"start":{"line":19,"column":0},"end":{"line":19,"column":41}},"23":{"start":{"line":21,"column":0},"end":{"line":21,"column":95}},"24":{"start":{"line":21,"column":39},"end":{"line":21,"column":93}},"25":{"start":{"line":23,"column":0},"end":{"line":23,"column":153}},"26":{"start":{"line":23,"column":50},"end":{"line":23,"column":151}},"27":{"start":{"line":23,"column":92},"end":{"line":23,"column":149}},"28":{"start":{"line":25,"column":0},"end":{"line":25,"column":79}},"29":{"start":{"line":27,"column":0},"end":{"line":167,"column":4}},"30":{"start":{"line":28,"column":2},"end":{"line":38,"column":3}},"31":{"start":{"line":29,"column":4},"end":{"line":29,"column":32}},"32":{"start":{"line":31,"column":4},"end":{"line":31,"column":34}},"33":{"start":{"line":32,"column":4},"end":{"line":32,"column":19}},"34":{"start":{"line":34,"column":4},"end":{"line":34,"column":31}},"35":{"start":{"line":35,"column":4},"end":{"line":35,"column":29}},"36":{"start":{"line":36,"column":4},"end":{"line":36,"column":23}},"37":{"start":{"line":37,"column":4},"end":{"line":37,"column":29}},"38":{"start":{"line":51,"column":2},"end":{"line":164,"column":6}},"39":{"start":{"line":54,"column":6},"end":{"line":54,"column":23}},"40":{"start":{"line":55,"column":6},"end":{"line":55,"column":32}},"41":{"start":{"line":56,"column":6},"end":{"line":56,"column":28}},"42":{"start":{"line":57,"column":6},"end":{"line":64,"column":8}},"43":{"start":{"line":66,"column":6},"end":{"line":66,"column":57}},"44":{"start":{"line":68,"column":6},"end":{"line":70,"column":9}},"45":{"start":{"line":69,"column":8},"end":{"line":69,"column":36}},"46":{"start":{"line":72,"column":6},"end":{"line":79,"column":7}},"47":{"start":{"line":73,"column":8},"end":{"line":73,"column":25}},"48":{"start":{"line":76,"column":8},"end":{"line":76,"column":32}},"49":{"start":{"line":77,"column":8},"end":{"line":77,"column":55}},"50":{"start":{"line":78,"column":8},"end":{"line":78,"column":28}},"51":{"start":{"line":80,"column":6},"end":{"line":80,"column":22}},"52":{"start":{"line":94,"column":6},"end":{"line":94,"column":23}},"53":{"start":{"line":96,"column":6},"end":{"line":96,"column":25}},"54":{"start":{"line":97,"column":6},"end":{"line":97,"column":31}},"55":{"start":{"line":99,"column":6},"end":{"line":99,"column":57}},"56":{"start":{"line":101,"column":6},"end":{"line":105,"column":9}},"57":{"start":{"line":102,"column":8},"end":{"line":104,"column":9}},"58":{"start":{"line":103,"column":10},"end":{"line":103,"column":32}},"59":{"start":{"line":107,"column":6},"end":{"line":107,"column":27}},"60":{"start":{"line":119,"column":6},"end":{"line":119,"column":24}},"61":{"start":{"line":121,"column":6},"end":{"line":121,"column":25}},"62":{"start":{"line":122,"column":6},"end":{"line":122,"column":24}},"63":{"start":{"line":123,"column":6},"end":{"line":123,"column":57}},"64":{"start":{"line":125,"column":6},"end":{"line":129,"column":9}},"65":{"start":{"line":126,"column":8},"end":{"line":128,"column":9}},"66":{"start":{"line":127,"column":10},"end":{"line":127,"column":25}},"67":{"start":{"line":131,"column":6},"end":{"line":131,"column":18}},"68":{"start":{"line":141,"column":6},"end":{"line":141,"column":55}},"69":{"start":{"line":152,"column":6},"end":{"line":152,"column":25}},"70":{"start":{"line":157,"column":6},"end":{"line":157,"column":66}},"71":{"start":{"line":159,"column":6},"end":{"line":159,"column":76}},"72":{"start":{"line":160,"column":6},"end":{"line":160,"column":44}},"73":{"start":{"line":162,"column":6},"end":{"line":162,"column":28}},"74":{"start":{"line":166,"column":2},"end":{"line":166,"column":14}},"75":{"start":{"line":169,"column":0},"end":{"line":169,"column":23}}},"branchMap":{"1":{"line":7,"type":"binary-expr","locations":[{"start":{"line":7,"column":168},"end":{"line":7,"column":189}},{"start":{"line":7,"column":193},"end":{"line":7,"column":198}}]},"2":{"line":7,"type":"if","locations":[{"start":{"line":7,"column":232},"end":{"line":7,"column":232}},{"start":{"line":7,"column":232},"end":{"line":7,"column":232}}]},"3":{"line":7,"type":"if","locations":[{"start":{"line":7,"column":407},"end":{"line":7,"column":407}},{"start":{"line":7,"column":407},"end":{"line":7,"column":407}}]},"4":{"line":7,"type":"if","locations":[{"start":{"line":7,"column":476},"end":{"line":7,"column":476}},{"start":{"line":7,"column":476},"end":{"line":7,"column":476}}]},"5":{"line":21,"type":"cond-expr","locations":[{"start":{"line":21,"column":70},"end":{"line":21,"column":73}},{"start":{"line":21,"column":76},"end":{"line":21,"column":92}}]},"6":{"line":21,"type":"binary-expr","locations":[{"start":{"line":21,"column":46},"end":{"line":21,"column":49}},{"start":{"line":21,"column":53},"end":{"line":21,"column":67}}]},"7":{"line":23,"type":"if","locations":[{"start":{"line":23,"column":50},"end":{"line":23,"column":50}},{"start":{"line":23,"column":50},"end":{"line":23,"column":50}}]},"8":{"line":72,"type":"if","locations":[{"start":{"line":72,"column":6},"end":{"line":72,"column":6}},{"start":{"line":72,"column":6},"end":{"line":72,"column":6}}]},"9":{"line":102,"type":"if","locations":[{"start":{"line":102,"column":8},"end":{"line":102,"column":8}},{"start":{"line":102,"column":8},"end":{"line":102,"column":8}}]},"10":{"line":102,"type":"binary-expr","locations":[{"start":{"line":102,"column":12},"end":{"line":102,"column":38}},{"start":{"line":102,"column":42},"end":{"line":102,"column":74}}]},"11":{"line":126,"type":"if","locations":[{"start":{"line":126,"column":8},"end":{"line":126,"column":8}},{"start":{"line":126,"column":8},"end":{"line":126,"column":8}}]}}},"C:\\xampp\\htdocs\\sendIT-rest-api\\build\\models\\app.js":{"path":"C:\\xampp\\htdocs\\sendIT-rest-api\\build\\models\\app.js","s":{"1":1,"2":1,"3":1,"4":1,"5":2,"6":2,"7":2,"8":2,"9":2,"10":2,"11":1,"12":1,"13":1,"14":1,"15":0,"16":1,"17":1,"18":1,"19":1,"20":1,"21":1,"22":0,"23":0,"24":1,"25":1,"26":0,"27":1,"28":0,"29":0,"30":0,"31":0,"32":0,"33":1,"34":1},"b":{"1":[2,2],"2":[2,0],"3":[1,0],"4":[0,1],"5":[0,1],"6":[1,1],"7":[0,0]},"f":{"1":1,"2":1,"3":1,"4":1,"5":0,"6":1,"7":0,"8":0,"9":0},"fnMap":{"1":{"name":"(anonymous_1)","line":7,"loc":{"start":{"line":7,"column":19},"end":{"line":7,"column":31}}},"2":{"name":"defineProperties","line":7,"loc":{"start":{"line":7,"column":33},"end":{"line":7,"column":74}}},"3":{"name":"(anonymous_3)","line":7,"loc":{"start":{"line":7,"column":357},"end":{"line":7,"column":405}}},"4":{"name":"_interopRequireDefault","line":13,"loc":{"start":{"line":13,"column":0},"end":{"line":13,"column":37}}},"5":{"name":"_classCallCheck","line":15,"loc":{"start":{"line":15,"column":0},"end":{"line":15,"column":48}}},"6":{"name":"(anonymous_6)","line":17,"loc":{"start":{"line":17,"column":10},"end":{"line":17,"column":22}}},"7":{"name":"App","line":18,"loc":{"start":{"line":18,"column":2},"end":{"line":18,"column":17}}},"8":{"name":"readDataFile","line":31,"loc":{"start":{"line":31,"column":11},"end":{"line":31,"column":39}}},"9":{"name":"writeDataFile","line":47,"loc":{"start":{"line":47,"column":11},"end":{"line":47,"column":52}}}},"statementMap":{"1":{"start":{"line":3,"column":0},"end":{"line":5,"column":3}},"2":{"start":{"line":7,"column":0},"end":{"line":7,"column":564}},"3":{"start":{"line":7,"column":33},"end":{"line":7,"column":349}},"4":{"start":{"line":7,"column":76},"end":{"line":7,"column":347}},"5":{"start":{"line":7,"column":117},"end":{"line":7,"column":143}},"6":{"start":{"line":7,"column":144},"end":{"line":7,"column":199}},"7":{"start":{"line":7,"column":200},"end":{"line":7,"column":231}},"8":{"start":{"line":7,"column":232},"end":{"line":7,"column":286}},"9":{"start":{"line":7,"column":259},"end":{"line":7,"column":286}},"10":{"start":{"line":7,"column":287},"end":{"line":7,"column":345}},"11":{"start":{"line":7,"column":350},"end":{"line":7,"column":559}},"12":{"start":{"line":7,"column":407},"end":{"line":7,"column":475}},"13":{"start":{"line":7,"column":423},"end":{"line":7,"column":475}},"14":{"start":{"line":7,"column":476},"end":{"line":7,"column":536}},"15":{"start":{"line":7,"column":493},"end":{"line":7,"column":536}},"16":{"start":{"line":7,"column":537},"end":{"line":7,"column":556}},"17":{"start":{"line":9,"column":0},"end":{"line":9,"column":24}},"18":{"start":{"line":11,"column":0},"end":{"line":11,"column":39}},"19":{"start":{"line":13,"column":0},"end":{"line":13,"column":95}},"20":{"start":{"line":13,"column":39},"end":{"line":13,"column":93}},"21":{"start":{"line":15,"column":0},"end":{"line":15,"column":153}},"22":{"start":{"line":15,"column":50},"end":{"line":15,"column":151}},"23":{"start":{"line":15,"column":92},"end":{"line":15,"column":149}},"24":{"start":{"line":17,"column":0},"end":{"line":54,"column":4}},"25":{"start":{"line":18,"column":2},"end":{"line":20,"column":3}},"26":{"start":{"line":19,"column":4},"end":{"line":19,"column":31}},"27":{"start":{"line":22,"column":2},"end":{"line":51,"column":6}},"28":{"start":{"line":32,"column":6},"end":{"line":32,"column":62}},"29":{"start":{"line":33,"column":6},"end":{"line":33,"column":43}},"30":{"start":{"line":35,"column":6},"end":{"line":35,"column":23}},"31":{"start":{"line":48,"column":6},"end":{"line":48,"column":54}},"32":{"start":{"line":49,"column":6},"end":{"line":49,"column":50}},"33":{"start":{"line":53,"column":2},"end":{"line":53,"column":13}},"34":{"start":{"line":56,"column":0},"end":{"line":56,"column":22}}},"branchMap":{"1":{"line":7,"type":"binary-expr","locations":[{"start":{"line":7,"column":168},"end":{"line":7,"column":189}},{"start":{"line":7,"column":193},"end":{"line":7,"column":198}}]},"2":{"line":7,"type":"if","locations":[{"start":{"line":7,"column":232},"end":{"line":7,"column":232}},{"start":{"line":7,"column":232},"end":{"line":7,"column":232}}]},"3":{"line":7,"type":"if","locations":[{"start":{"line":7,"column":407},"end":{"line":7,"column":407}},{"start":{"line":7,"column":407},"end":{"line":7,"column":407}}]},"4":{"line":7,"type":"if","locations":[{"start":{"line":7,"column":476},"end":{"line":7,"column":476}},{"start":{"line":7,"column":476},"end":{"line":7,"column":476}}]},"5":{"line":13,"type":"cond-expr","locations":[{"start":{"line":13,"column":70},"end":{"line":13,"column":73}},{"start":{"line":13,"column":76},"end":{"line":13,"column":92}}]},"6":{"line":13,"type":"binary-expr","locations":[{"start":{"line":13,"column":46},"end":{"line":13,"column":49}},{"start":{"line":13,"column":53},"end":{"line":13,"column":67}}]},"7":{"line":15,"type":"if","locations":[{"start":{"line":15,"column":50},"end":{"line":15,"column":50}},{"start":{"line":15,"column":50},"end":{"line":15,"column":50}}]}}},"C:\\xampp\\htdocs\\sendIT-rest-api\\build\\routes\\admin.js":{"path":"C:\\xampp\\htdocs\\sendIT-rest-api\\build\\routes\\admin.js","s":{"1":1,"2":1,"3":1,"4":1,"5":1,"6":1,"7":1,"8":1},"b":{"1":[0,1],"2":[1,1]},"f":{"1":1,"2":1},"fnMap":{"1":{"name":"_interopRequireDefault","line":7,"loc":{"start":{"line":7,"column":0},"end":{"line":7,"column":37}}},"2":{"name":"(anonymous_2)","line":15,"loc":{"start":{"line":15,"column":23},"end":{"line":15,"column":52}}}},"statementMap":{"1":{"start":{"line":3,"column":0},"end":{"line":3,"column":34}},"2":{"start":{"line":5,"column":0},"end":{"line":5,"column":49}},"3":{"start":{"line":7,"column":0},"end":{"line":7,"column":95}},"4":{"start":{"line":7,"column":39},"end":{"line":7,"column":93}},"5":{"start":{"line":9,"column":0},"end":{"line":9,"column":40}},"6":{"start":{"line":15,"column":0},"end":{"line":19,"column":3}},"7":{"start":{"line":16,"column":2},"end":{"line":18,"column":5}},"8":{"start":{"line":21,"column":0},"end":{"line":21,"column":24}}},"branchMap":{"1":{"line":7,"type":"cond-expr","locations":[{"start":{"line":7,"column":70},"end":{"line":7,"column":73}},{"start":{"line":7,"column":76},"end":{"line":7,"column":92}}]},"2":{"line":7,"type":"binary-expr","locations":[{"start":{"line":7,"column":46},"end":{"line":7,"column":49}},{"start":{"line":7,"column":53},"end":{"line":7,"column":67}}]}}}}