TN:
SF:C:\xampp\htdocs\sendIT-rest-api\build\models\parcel.js
FN:7,(anonymous_1)
FN:7,defineProperties
FN:7,(anonymous_3)
FN:17,_interopRequireDefault
FN:19,_classCallCheck
FN:29,(anonymous_6)
FN:30,Parcel
FN:51,createParcel
FN:89,getAllParcel
FN:102,getAllParcelByUser
FN:105,(anonymous_11)
FN:119,getParcelPrice
FN:131,setOrderId
FN:142,getOrderId
FNF:14
FNH:11
FNDA:1,(anonymous_1)
FNDA:1,defineProperties
FNDA:1,(anonymous_3)
FNDA:2,_interopRequireDefault
FNDA:1,_classCallCheck
FNDA:1,(anonymous_6)
FNDA:1,Parcel
FNDA:0,createParcel
FNDA:1,getAllParcel
FNDA:1,getAllParcelByUser
FNDA:4,(anonymous_11)
FNDA:1,getParcelPrice
FNDA:0,setOrderId
FNDA:0,getOrderId
DA:3,1
DA:7,6
DA:9,1
DA:11,1
DA:13,1
DA:15,1
DA:17,2
DA:19,1
DA:21,1
DA:23,1
DA:29,1
DA:30,1
DA:31,1
DA:33,1
DA:34,1
DA:49,1
DA:52,0
DA:54,0
DA:55,0
DA:56,0
DA:57,0
DA:59,0
DA:74,0
DA:77,0
DA:78,0
DA:79,0
DA:90,1
DA:91,1
DA:103,1
DA:105,1
DA:106,4
DA:108,1
DA:120,1
DA:121,1
DA:122,1
DA:132,0
DA:143,0
DA:147,1
DA:150,1
LF:39
LH:27
BRDA:7,1,0,6
BRDA:7,1,1,6
BRDA:7,2,0,6
BRDA:7,2,1,0
BRDA:7,3,0,1
BRDA:7,3,1,0
BRDA:7,4,0,0
BRDA:7,4,1,1
BRDA:17,5,0,1
BRDA:17,5,1,1
BRDA:17,6,0,2
BRDA:17,6,1,2
BRDA:19,7,0,0
BRDA:19,7,1,1
BRF:14
BRH:10
end_of_record
TN:
SF:C:\xampp\htdocs\sendIT-rest-api\build\models\app.js
FN:7,(anonymous_1)
FN:7,defineProperties
FN:7,(anonymous_3)
FN:13,_interopRequireDefault
FN:15,_classCallCheck
FN:17,(anonymous_6)
FN:18,App
FN:31,readDataFile
FN:47,writeDataFile
FNF:9
FNH:8
FNDA:1,(anonymous_1)
FNDA:1,defineProperties
FNDA:1,(anonymous_3)
FNDA:1,_interopRequireDefault
FNDA:2,_classCallCheck
FNDA:1,(anonymous_6)
FNDA:2,App
FNDA:9,readDataFile
FNDA:0,writeDataFile
DA:3,1
DA:7,2
DA:9,1
DA:11,1
DA:13,1
DA:15,2
DA:17,1
DA:18,1
DA:19,2
DA:22,1
DA:32,9
DA:33,9
DA:35,9
DA:48,0
DA:49,0
DA:53,1
DA:56,1
LF:17
LH:15
BRDA:7,1,0,2
BRDA:7,1,1,2
BRDA:7,2,0,2
BRDA:7,2,1,0
BRDA:7,3,0,1
BRDA:7,3,1,0
BRDA:7,4,0,0
BRDA:7,4,1,1
BRDA:13,5,0,0
BRDA:13,5,1,1
BRDA:13,6,0,1
BRDA:13,6,1,1
BRDA:15,7,0,0
BRDA:15,7,1,2
BRF:14
BRH:9
end_of_record
TN:
SF:C:\xampp\htdocs\sendIT-rest-api\build\models\user.js
FN:7,(anonymous_1)
FN:7,defineProperties
FN:7,(anonymous_3)
FN:21,_interopRequireDefault
FN:23,_classCallCheck
FN:27,(anonymous_6)
FN:28,User
FN:53,createUser
FN:68,(anonymous_9)
FN:93,getUser
FN:101,(anonymous_11)
FN:119,getUserIdByEmail
FN:126,(anonymous_13)
FN:141,setUserId
FN:152,getUserId
FN:165,isTokenValid
FN:167,(anonymous_17)
FN:183,getUserIdByToken
FN:185,(anonymous_19)
FN:201,getEncryptedToken
FNF:20
FNH:20
FNDA:1,(anonymous_1)
FNDA:1,defineProperties
FNDA:1,(anonymous_3)
FNDA:3,_interopRequireDefault
FNDA:1,_classCallCheck
FNDA:1,(anonymous_6)
FNDA:1,User
FNDA:1,createUser
FNDA:1,(anonymous_9)
FNDA:2,getUser
FNDA:10,(anonymous_11)
FNDA:2,getUserIdByEmail
FNDA:10,(anonymous_13)
FNDA:1,setUserId
FNDA:1,getUserId
FNDA:1,isTokenValid
FNDA:5,(anonymous_17)
FNDA:1,getUserIdByToken
FNDA:5,(anonymous_19)
FNDA:2,getEncryptedToken
DA:3,1
DA:7,8
DA:9,1
DA:11,1
DA:13,1
DA:15,1
DA:17,1
DA:19,1
DA:21,3
DA:23,1
DA:25,1
DA:27,1
DA:28,1
DA:29,1
DA:31,1
DA:32,1
DA:34,1
DA:35,1
DA:36,1
DA:37,1
DA:51,1
DA:54,1
DA:55,1
DA:56,1
DA:57,1
DA:66,1
DA:68,1
DA:69,1
DA:72,1
DA:73,1
DA:76,0
DA:77,0
DA:78,0
DA:80,1
DA:94,2
DA:96,2
DA:97,2
DA:99,2
DA:101,2
DA:102,10
DA:103,1
DA:107,2
DA:120,2
DA:122,2
DA:123,2
DA:124,2
DA:126,2
DA:127,10
DA:128,1
DA:132,2
DA:142,1
DA:153,1
DA:166,1
DA:167,1
DA:168,5
DA:171,1
DA:184,1
DA:185,1
DA:186,5
DA:189,1
DA:202,2
DA:204,2
DA:205,2
DA:207,2
DA:211,1
DA:214,1
LF:66
LH:63
BRDA:7,1,0,8
BRDA:7,1,1,8
BRDA:7,2,0,8
BRDA:7,2,1,0
BRDA:7,3,0,1
BRDA:7,3,1,0
BRDA:7,4,0,0
BRDA:7,4,1,1
BRDA:21,5,0,1
BRDA:21,5,1,2
BRDA:21,6,0,3
BRDA:21,6,1,3
BRDA:23,7,0,0
BRDA:23,7,1,1
BRDA:72,8,0,1
BRDA:72,8,1,0
BRDA:102,9,0,1
BRDA:102,9,1,9
BRDA:102,10,0,10
BRDA:102,10,1,1
BRDA:127,11,0,1
BRDA:127,11,1,9
BRDA:189,12,0,0
BRDA:189,12,1,1
BRF:24
BRH:18
end_of_record
TN:
SF:C:\xampp\htdocs\sendIT-rest-api\build\models\admin.js
FN:7,_classCallCheck
FN:9,Admin
FNF:2
FNH:2
FNDA:1,_classCallCheck
FNDA:1,Admin
DA:3,1
DA:7,1
DA:9,1
DA:10,1
DA:13,1
LF:5
LH:5
BRDA:7,1,0,0
BRDA:7,1,1,1
BRF:2
BRH:1
end_of_record
TN:
SF:C:\xampp\htdocs\sendIT-rest-api\build\app.js
FN:27,_interopRequireDefault
FN:42,(anonymous_2)
FN:63,(anonymous_3)
FN:70,(anonymous_4)
FNF:4
FNH:2
FNDA:6,_interopRequireDefault
FNDA:4,(anonymous_2)
FNDA:0,(anonymous_3)
FNDA:0,(anonymous_4)
DA:3,1
DA:5,1
DA:7,1
DA:9,1
DA:11,1
DA:13,1
DA:15,1
DA:17,1
DA:19,1
DA:21,1
DA:23,1
DA:25,1
DA:27,6
DA:29,1
DA:30,1
DA:33,1
DA:36,1
DA:39,1
DA:42,1
DA:43,4
DA:44,4
DA:46,4
DA:47,0
DA:48,0
DA:50,4
DA:54,1
DA:57,1
DA:60,1
DA:63,1
DA:64,0
DA:65,0
DA:66,0
DA:70,1
DA:71,0
DA:72,0
DA:79,1
LF:36
LH:29
BRDA:27,1,0,0
BRDA:27,1,1,6
BRDA:27,2,0,6
BRDA:27,2,1,6
BRDA:46,3,0,0
BRDA:46,3,1,4
BRDA:71,4,0,0
BRDA:71,4,1,0
BRF:8
BRH:4
end_of_record
TN:
SF:C:\xampp\htdocs\sendIT-rest-api\build\routes\parcel.js
FN:19,_interopRequireDefault
FN:30,(anonymous_2)
FN:40,(anonymous_3)
FN:76,(anonymous_4)
FNF:4
FNH:2
FNDA:4,_interopRequireDefault
FNDA:1,(anonymous_2)
FNDA:0,(anonymous_3)
FNDA:0,(anonymous_4)
DA:3,1
DA:5,1
DA:7,1
DA:9,1
DA:11,1
DA:13,1
DA:15,1
DA:17,1
DA:19,4
DA:21,1
DA:30,1
DA:31,1
DA:40,1
DA:42,0
DA:51,0
DA:53,0
DA:54,0
DA:56,0
DA:57,0
DA:62,0
DA:63,0
DA:65,0
DA:76,1
DA:77,0
DA:79,0
DA:85,1
LF:26
LH:15
BRDA:19,1,0,2
BRDA:19,1,1,2
BRDA:19,2,0,4
BRDA:19,2,1,4
BRDA:56,3,0,0
BRDA:56,3,1,0
BRDA:56,4,0,0
BRDA:56,4,1,0
BRDA:56,4,2,0
BRDA:56,4,3,0
BRDA:56,4,4,0
BRF:11
BRH:4
end_of_record
TN:
SF:C:\xampp\htdocs\sendIT-rest-api\build\authMiddleware.js
FN:7,_interopRequireDefault
FN:9,checkAuth
FNF:2
FNH:2
FNDA:1,_interopRequireDefault
FNDA:1,checkAuth
DA:3,1
DA:5,1
DA:7,1
DA:9,1
DA:10,1
DA:11,1
DA:17,0
DA:20,0
DA:21,0
DA:23,0
DA:24,0
DA:29,0
DA:30,0
DA:36,1
LF:14
LH:7
BRDA:7,1,0,1
BRDA:7,1,1,0
BRDA:7,2,0,1
BRDA:7,2,1,1
BRDA:10,3,0,1
BRDA:10,3,1,0
BRDA:10,4,0,1
BRDA:10,4,1,0
BRDA:23,5,0,0
BRDA:23,5,1,0
BRF:10
BRH:5
end_of_record
TN:
SF:C:\xampp\htdocs\sendIT-rest-api\build\routes\user.js
FN:11,_interopRequireDefault
FN:22,(anonymous_2)
FN:56,(anonymous_3)
FNF:3
FNH:2
FNDA:2,_interopRequireDefault
FNDA:0,(anonymous_2)
FNDA:1,(anonymous_3)
DA:3,1
DA:5,1
DA:7,1
DA:9,1
DA:11,2
DA:13,1
DA:22,1
DA:24,0
DA:29,0
DA:30,0
DA:35,0
DA:36,0
DA:38,0
DA:39,0
DA:44,0
DA:56,1
DA:57,1
DA:64,1
DA:65,1
DA:70,0
DA:71,0
DA:73,0
DA:74,0
DA:79,0
DA:87,1
LF:25
LH:12
BRDA:11,1,0,1
BRDA:11,1,1,1
BRDA:11,2,0,2
BRDA:11,2,1,2
BRDA:29,3,0,0
BRDA:29,3,1,0
BRDA:29,4,0,0
BRDA:29,4,1,0
BRDA:38,5,0,0
BRDA:38,5,1,0
BRDA:64,6,0,1
BRDA:64,6,1,0
BRDA:64,7,0,1
BRDA:64,7,1,0
BRDA:64,7,2,0
BRDA:64,7,3,0
BRDA:73,8,0,0
BRDA:73,8,1,0
BRF:18
BRH:6
end_of_record
TN:
SF:C:\xampp\htdocs\sendIT-rest-api\build\routes\admin.js
FN:7,_interopRequireDefault
FN:15,(anonymous_2)
FNF:2
FNH:2
FNDA:1,_interopRequireDefault
FNDA:1,(anonymous_2)
DA:3,1
DA:5,1
DA:7,1
DA:9,1
DA:15,1
DA:16,1
DA:21,1
LF:7
LH:7
BRDA:7,1,0,0
BRDA:7,1,1,1
BRDA:7,2,0,1
BRDA:7,2,1,1
BRF:4
BRH:3
end_of_record
