TN:
SF:C:\xampp\htdocs\sendIT-rest-api\build\models\parcel.js
FN:7,(anonymous_1)
FN:7,defineProperties
FN:7,(anonymous_3)
FN:17,_interopRequireDefault
FN:19,_classCallCheck
FN:29,(anonymous_6)
FN:30,Parcel
FN:51,createParcel
FN:89,getAllParcel
FN:103,getAllParcelByUser
FN:106,(anonymous_11)
FN:125,getParcelById
FN:128,(anonymous_13)
FN:146,getParcelPrice
FN:158,setOrderId
FN:169,getOrderId
FNF:16
FNH:11
FNDA:1,(anonymous_1)
FNDA:1,defineProperties
FNDA:1,(anonymous_3)
FNDA:2,_interopRequireDefault
FNDA:1,_classCallCheck
FNDA:1,(anonymous_6)
FNDA:1,Parcel
FNDA:0,createParcel
FNDA:1,getAllParcel
FNDA:1,getAllParcelByUser
FNDA:5,(anonymous_11)
FNDA:0,getParcelById
FNDA:0,(anonymous_13)
FNDA:1,getParcelPrice
FNDA:0,setOrderId
FNDA:0,getOrderId
DA:3,1
DA:7,7
DA:9,1
DA:11,1
DA:13,1
DA:15,1
DA:17,2
DA:19,1
DA:21,1
DA:23,1
DA:29,1
DA:30,1
DA:31,1
DA:33,1
DA:34,1
DA:49,1
DA:52,0
DA:54,0
DA:55,0
DA:56,0
DA:57,0
DA:59,0
DA:74,0
DA:77,0
DA:78,0
DA:79,0
DA:90,1
DA:91,1
DA:104,1
DA:106,1
DA:107,5
DA:110,1
DA:111,1
DA:113,0
DA:126,0
DA:128,0
DA:129,0
DA:132,0
DA:133,0
DA:135,0
DA:147,1
DA:148,1
DA:149,1
DA:159,0
DA:170,0
DA:174,1
DA:177,1
LF:47
LH:28
BRDA:7,1,0,7
BRDA:7,1,1,7
BRDA:7,2,0,7
BRDA:7,2,1,0
BRDA:7,3,0,1
BRDA:7,3,1,0
BRDA:7,4,0,0
BRDA:7,4,1,1
BRDA:17,5,0,1
BRDA:17,5,1,1
BRDA:17,6,0,2
BRDA:17,6,1,2
BRDA:19,7,0,0
BRDA:19,7,1,1
BRDA:110,8,0,1
BRDA:110,8,1,0
BRDA:132,9,0,0
BRDA:132,9,1,0
BRF:18
BRH:11
end_of_record
TN:
SF:C:\xampp\htdocs\sendIT-rest-api\build\models\app.js
FN:7,(anonymous_1)
FN:7,defineProperties
FN:7,(anonymous_3)
FN:13,_interopRequireDefault
FN:15,_classCallCheck
FN:17,(anonymous_6)
FN:18,App
FN:31,readDataFile
FN:47,writeDataFile
FNF:9
FNH:8
FNDA:1,(anonymous_1)
FNDA:1,defineProperties
FNDA:1,(anonymous_3)
FNDA:1,_interopRequireDefault
FNDA:3,_classCallCheck
FNDA:1,(anonymous_6)
FNDA:3,App
FNDA:13,readDataFile
FNDA:0,writeDataFile
DA:3,1
DA:7,2
DA:9,1
DA:11,1
DA:13,1
DA:15,3
DA:17,1
DA:18,1
DA:19,3
DA:22,1
DA:32,13
DA:33,13
DA:35,13
DA:48,0
DA:49,0
DA:53,1
DA:56,1
LF:17
LH:15
BRDA:7,1,0,2
BRDA:7,1,1,2
BRDA:7,2,0,2
BRDA:7,2,1,0
BRDA:7,3,0,1
BRDA:7,3,1,0
BRDA:7,4,0,0
BRDA:7,4,1,1
BRDA:13,5,0,0
BRDA:13,5,1,1
BRDA:13,6,0,1
BRDA:13,6,1,1
BRDA:15,7,0,0
BRDA:15,7,1,3
BRF:14
BRH:9
end_of_record
TN:
SF:C:\xampp\htdocs\sendIT-rest-api\build\models\user.js
FN:7,(anonymous_1)
FN:7,defineProperties
FN:7,(anonymous_3)
FN:21,_interopRequireDefault
FN:23,_classCallCheck
FN:28,(anonymous_6)
FN:29,User
FN:54,createUser
FN:69,(anonymous_9)
FN:94,getUser
FN:102,(anonymous_11)
FN:120,getUserIdByEmail
FN:127,(anonymous_13)
FN:142,setUserId
FN:153,getUserId
FN:166,isTokenValid
FN:168,(anonymous_17)
FN:184,getUserIdByToken
FN:186,(anonymous_19)
FN:202,getEncryptedToken
FN:222,editparcelDestination
FN:226,(anonymous_22)
FN:251,cancelParcel
FN:255,(anonymous_24)
FNF:24
FNH:20
FNDA:1,(anonymous_1)
FNDA:1,defineProperties
FNDA:1,(anonymous_3)
FNDA:3,_interopRequireDefault
FNDA:1,_classCallCheck
FNDA:1,(anonymous_6)
FNDA:1,User
FNDA:1,createUser
FNDA:1,(anonymous_9)
FNDA:2,getUser
FNDA:10,(anonymous_11)
FNDA:2,getUserIdByEmail
FNDA:10,(anonymous_13)
FNDA:1,setUserId
FNDA:1,getUserId
FNDA:1,isTokenValid
FNDA:5,(anonymous_17)
FNDA:1,getUserIdByToken
FNDA:5,(anonymous_19)
FNDA:2,getEncryptedToken
FNDA:0,editparcelDestination
FNDA:0,(anonymous_22)
FNDA:0,cancelParcel
FNDA:0,(anonymous_24)
DA:3,1
DA:7,10
DA:9,1
DA:11,1
DA:13,1
DA:15,1
DA:17,1
DA:19,1
DA:21,3
DA:23,1
DA:25,1
DA:26,1
DA:28,1
DA:29,1
DA:30,1
DA:32,1
DA:33,1
DA:35,1
DA:36,1
DA:37,1
DA:38,1
DA:52,1
DA:55,1
DA:56,1
DA:57,1
DA:58,1
DA:67,1
DA:69,1
DA:70,1
DA:73,1
DA:74,1
DA:77,0
DA:78,0
DA:79,0
DA:81,1
DA:95,2
DA:97,2
DA:98,2
DA:100,2
DA:102,2
DA:103,10
DA:104,1
DA:108,2
DA:121,2
DA:123,2
DA:124,2
DA:125,2
DA:127,2
DA:128,10
DA:129,1
DA:133,2
DA:143,1
DA:154,1
DA:167,1
DA:168,1
DA:169,5
DA:172,1
DA:185,1
DA:186,1
DA:187,5
DA:190,1
DA:203,2
DA:205,2
DA:206,2
DA:208,2
DA:224,0
DA:226,0
DA:227,0
DA:230,0
DA:231,0
DA:235,0
DA:237,0
DA:238,0
DA:253,0
DA:255,0
DA:256,0
DA:259,0
DA:260,0
DA:264,0
DA:266,0
DA:267,0
DA:271,1
DA:274,1
LF:83
LH:64
BRDA:7,1,0,10
BRDA:7,1,1,10
BRDA:7,2,0,10
BRDA:7,2,1,0
BRDA:7,3,0,1
BRDA:7,3,1,0
BRDA:7,4,0,0
BRDA:7,4,1,1
BRDA:21,5,0,1
BRDA:21,5,1,2
BRDA:21,6,0,3
BRDA:21,6,1,3
BRDA:23,7,0,0
BRDA:23,7,1,1
BRDA:73,8,0,1
BRDA:73,8,1,0
BRDA:103,9,0,1
BRDA:103,9,1,9
BRDA:103,10,0,10
BRDA:103,10,1,1
BRDA:128,11,0,1
BRDA:128,11,1,9
BRDA:190,12,0,0
BRDA:190,12,1,1
BRDA:227,13,0,0
BRDA:227,13,1,0
BRDA:230,14,0,0
BRDA:230,14,1,0
BRDA:230,15,0,0
BRDA:230,15,1,0
BRDA:256,16,0,0
BRDA:256,16,1,0
BRDA:259,17,0,0
BRDA:259,17,1,0
BRDA:259,18,0,0
BRDA:259,18,1,0
BRF:36
BRH:18
end_of_record
TN:
SF:C:\xampp\htdocs\sendIT-rest-api\build\models\admin.js
FN:7,(anonymous_1)
FN:7,defineProperties
FN:7,(anonymous_3)
FN:21,_interopRequireDefault
FN:23,_classCallCheck
FN:28,(anonymous_6)
FN:29,Admin
FN:50,getAdmin
FN:58,(anonymous_9)
FN:76,getAdminIdByEmail
FN:83,(anonymous_11)
FN:101,isTokenValid
FN:103,(anonymous_13)
FN:119,getAdminIdByToken
FN:121,(anonymous_15)
FN:138,editparcel
FN:149,(anonymous_17)
FNF:17
FNH:15
FNDA:1,(anonymous_1)
FNDA:1,defineProperties
FNDA:1,(anonymous_3)
FNDA:3,_interopRequireDefault
FNDA:1,_classCallCheck
FNDA:1,(anonymous_6)
FNDA:1,Admin
FNDA:1,getAdmin
FNDA:1,(anonymous_9)
FNDA:1,getAdminIdByEmail
FNDA:1,(anonymous_11)
FNDA:1,isTokenValid
FNDA:1,(anonymous_13)
FNDA:1,getAdminIdByToken
FNDA:1,(anonymous_15)
FNDA:0,editparcel
FNDA:0,(anonymous_17)
DA:3,1
DA:7,5
DA:9,1
DA:11,1
DA:13,1
DA:15,1
DA:17,1
DA:19,1
DA:21,3
DA:23,1
DA:25,1
DA:26,1
DA:28,1
DA:29,1
DA:30,1
DA:32,1
DA:33,1
DA:35,1
DA:36,1
DA:48,1
DA:51,1
DA:53,1
DA:54,1
DA:56,1
DA:58,1
DA:59,1
DA:60,0
DA:64,1
DA:77,1
DA:79,1
DA:80,1
DA:81,1
DA:83,1
DA:84,1
DA:85,0
DA:89,1
DA:102,1
DA:103,1
DA:104,1
DA:107,1
DA:120,1
DA:121,1
DA:122,1
DA:125,1
DA:139,0
DA:142,0
DA:147,0
DA:149,0
DA:150,0
DA:153,0
DA:154,0
DA:158,0
DA:159,0
DA:161,0
DA:162,0
DA:166,1
DA:169,1
LF:57
LH:44
BRDA:7,1,0,5
BRDA:7,1,1,5
BRDA:7,2,0,5
BRDA:7,2,1,0
BRDA:7,3,0,1
BRDA:7,3,1,0
BRDA:7,4,0,0
BRDA:7,4,1,1
BRDA:21,5,0,1
BRDA:21,5,1,2
BRDA:21,6,0,3
BRDA:21,6,1,3
BRDA:23,7,0,0
BRDA:23,7,1,1
BRDA:59,8,0,0
BRDA:59,8,1,1
BRDA:59,9,0,1
BRDA:59,9,1,0
BRDA:84,10,0,0
BRDA:84,10,1,1
BRDA:125,11,0,0
BRDA:125,11,1,1
BRDA:139,12,0,0
BRDA:139,12,1,0
BRDA:139,13,0,0
BRDA:139,13,1,0
BRDA:150,14,0,0
BRDA:150,14,1,0
BRDA:153,15,0,0
BRDA:153,15,1,0
BRDA:153,16,0,0
BRDA:153,16,1,0
BRF:32
BRH:14
end_of_record
TN:
SF:C:\xampp\htdocs\sendIT-rest-api\build\app.js
FN:27,_interopRequireDefault
FN:42,(anonymous_2)
FN:63,(anonymous_3)
FN:70,(anonymous_4)
FNF:4
FNH:2
FNDA:6,_interopRequireDefault
FNDA:5,(anonymous_2)
FNDA:0,(anonymous_3)
FNDA:0,(anonymous_4)
DA:3,1
DA:5,1
DA:7,1
DA:9,1
DA:11,1
DA:13,1
DA:15,1
DA:17,1
DA:19,1
DA:21,1
DA:23,1
DA:25,1
DA:27,6
DA:29,1
DA:30,1
DA:33,1
DA:36,1
DA:39,1
DA:42,1
DA:43,5
DA:44,5
DA:46,5
DA:47,0
DA:48,0
DA:50,5
DA:54,1
DA:57,1
DA:60,1
DA:63,1
DA:64,0
DA:65,0
DA:66,0
DA:70,1
DA:71,0
DA:72,0
DA:79,1
LF:36
LH:29
BRDA:27,1,0,0
BRDA:27,1,1,6
BRDA:27,2,0,6
BRDA:27,2,1,6
BRDA:46,3,0,0
BRDA:46,3,1,5
BRDA:71,4,0,0
BRDA:71,4,1,0
BRF:8
BRH:4
end_of_record
TN:
SF:C:\xampp\htdocs\sendIT-rest-api\build\routes\parcel.js
FN:19,_interopRequireDefault
FN:30,(anonymous_2)
FN:44,(anonymous_3)
FN:80,(anonymous_4)
FN:104,(anonymous_5)
FNF:5
FNH:1
FNDA:4,_interopRequireDefault
FNDA:0,(anonymous_2)
FNDA:0,(anonymous_3)
FNDA:0,(anonymous_4)
FNDA:0,(anonymous_5)
DA:3,1
DA:5,1
DA:7,1
DA:9,1
DA:11,1
DA:13,1
DA:15,1
DA:17,1
DA:19,4
DA:21,1
DA:30,1
DA:31,0
DA:32,0
DA:34,0
DA:44,1
DA:46,0
DA:55,0
DA:57,0
DA:58,0
DA:60,0
DA:61,0
DA:66,0
DA:67,0
DA:69,0
DA:80,1
DA:81,0
DA:84,0
DA:85,0
DA:87,0
DA:88,0
DA:93,0
DA:104,1
DA:105,0
DA:106,0
DA:109,0
DA:112,0
DA:115,0
DA:117,0
DA:119,0
DA:120,0
DA:125,0
DA:132,1
LF:42
LH:15
BRDA:19,1,0,2
BRDA:19,1,1,2
BRDA:19,2,0,4
BRDA:19,2,1,4
BRDA:60,3,0,0
BRDA:60,3,1,0
BRDA:60,4,0,0
BRDA:60,4,1,0
BRDA:60,4,2,0
BRDA:60,4,3,0
BRDA:60,4,4,0
BRDA:87,5,0,0
BRDA:87,5,1,0
BRDA:119,6,0,0
BRDA:119,6,1,0
BRF:15
BRH:4
end_of_record
TN:
SF:C:\xampp\htdocs\sendIT-rest-api\build\authMiddleware.js
FN:7,_interopRequireDefault
FN:9,checkAuth
FNF:2
FNH:2
FNDA:1,_interopRequireDefault
FNDA:3,checkAuth
DA:3,1
DA:5,1
DA:7,1
DA:9,1
DA:10,3
DA:11,3
DA:17,0
DA:20,0
DA:21,0
DA:23,0
DA:24,0
DA:29,0
DA:35,1
LF:13
LH:7
BRDA:7,1,0,1
BRDA:7,1,1,0
BRDA:7,2,0,1
BRDA:7,2,1,1
BRDA:10,3,0,3
BRDA:10,3,1,0
BRDA:10,4,0,3
BRDA:10,4,1,0
BRDA:23,5,0,0
BRDA:23,5,1,0
BRF:10
BRH:5
end_of_record
TN:
SF:C:\xampp\htdocs\sendIT-rest-api\build\routes\user.js
FN:19,_interopRequireDefault
FN:30,(anonymous_2)
FN:64,(anonymous_3)
FN:99,(anonymous_4)
FNF:4
FNH:2
FNDA:4,_interopRequireDefault
FNDA:0,(anonymous_2)
FNDA:1,(anonymous_3)
FNDA:0,(anonymous_4)
DA:3,1
DA:5,1
DA:7,1
DA:9,1
DA:11,1
DA:13,1
DA:15,1
DA:17,1
DA:19,4
DA:21,1
DA:30,1
DA:32,0
DA:37,0
DA:38,0
DA:43,0
DA:44,0
DA:46,0
DA:47,0
DA:52,0
DA:64,1
DA:65,1
DA:72,1
DA:73,1
DA:78,0
DA:79,0
DA:81,0
DA:82,0
DA:87,0
DA:99,1
DA:100,0
DA:103,0
DA:104,0
DA:106,0
DA:112,1
LF:34
LH:17
BRDA:19,1,0,2
BRDA:19,1,1,2
BRDA:19,2,0,4
BRDA:19,2,1,4
BRDA:37,3,0,0
BRDA:37,3,1,0
BRDA:37,4,0,0
BRDA:37,4,1,0
BRDA:46,5,0,0
BRDA:46,5,1,0
BRDA:72,6,0,1
BRDA:72,6,1,0
BRDA:72,7,0,1
BRDA:72,7,1,0
BRDA:72,7,2,0
BRDA:72,7,3,0
BRDA:81,8,0,0
BRDA:81,8,1,0
BRF:18
BRH:6
end_of_record
TN:
SF:C:\xampp\htdocs\sendIT-rest-api\build\routes\admin.js
FN:7,_interopRequireDefault
FN:15,(anonymous_2)
FNF:2
FNH:2
FNDA:1,_interopRequireDefault
FNDA:1,(anonymous_2)
DA:3,1
DA:5,1
DA:7,1
DA:9,1
DA:15,1
DA:16,1
DA:21,1
LF:7
LH:7
BRDA:7,1,0,0
BRDA:7,1,1,1
BRDA:7,2,0,1
BRDA:7,2,1,1
BRF:4
BRH:3
end_of_record
